TN:
SF:./code/backend/config.js
FNF:0
FNH:0
DA:1,1
DA:2,1
DA:3,1
DA:4,1
DA:5,1
DA:6,1
DA:7,1
DA:8,1
DA:9,1
DA:10,1
DA:11,1
DA:12,1
DA:13,1
DA:14,1
DA:15,1
DA:16,1
DA:17,1
DA:18,1
DA:19,1
DA:20,1
DA:21,1
DA:22,1
DA:23,1
LF:23
LH:23
BRF:0
BRH:0
end_of_record
TN:
SF:./code/backend/server.js
FN:82,startServer
FN:96,handleShutdown
FNF:2
FNH:1
FNDA:5,startServer
FNDA:0,handleShutdown
DA:1,1
DA:2,1
DA:3,1
DA:4,1
DA:5,1
DA:6,1
DA:7,1
DA:8,1
DA:9,1
DA:10,1
DA:11,1
DA:12,1
DA:13,1
DA:14,1
DA:15,1
DA:16,1
DA:17,1
DA:18,1
DA:19,1
DA:20,1
DA:21,1
DA:22,1
DA:23,1
DA:24,1
DA:25,1
DA:26,1
DA:27,1
DA:28,1
DA:29,1
DA:30,1
DA:31,1
DA:32,1
DA:33,1
DA:34,1
DA:35,1
DA:36,1
DA:37,1
DA:38,1
DA:39,1
DA:40,1
DA:41,1
DA:42,1
DA:43,1
DA:44,1
DA:45,1
DA:46,1
DA:47,1
DA:48,1
DA:49,1
DA:50,0
DA:51,1
DA:52,1
DA:53,1
DA:54,1
DA:55,1
DA:56,1
DA:57,0
DA:58,0
DA:59,0
DA:60,0
DA:61,0
DA:62,1
DA:63,1
DA:64,1
DA:65,1
DA:66,1
DA:67,1
DA:68,1
DA:69,1
DA:70,1
DA:71,1
DA:72,1
DA:73,1
DA:74,1
DA:75,1
DA:76,1
DA:77,1
DA:78,1
DA:79,1
DA:80,1
DA:81,1
DA:82,5
DA:83,5
DA:84,5
DA:85,5
DA:86,5
DA:87,5
DA:88,5
DA:89,1
DA:90,1
DA:91,1
DA:92,1
DA:93,1
DA:94,1
DA:95,1
DA:96,0
DA:97,0
DA:98,0
DA:99,0
DA:100,0
DA:101,0
DA:102,0
DA:103,1
DA:104,1
DA:105,1
DA:106,1
DA:107,1
DA:108,1
DA:109,1
DA:110,1
LF:110
LH:97
BRDA:29,0,0,0
BRDA:82,1,0,5
BRDA:83,2,0,5
BRF:3
BRH:2
end_of_record
TN:
SF:./code/backend/middleware/authorization.js
FN:5,authenticateJWT
FN:30,nonBlockingAutheticateJWT
FNF:2
FNH:2
FNDA:58,authenticateJWT
FNDA:6,nonBlockingAutheticateJWT
DA:1,1
DA:2,1
DA:3,1
DA:4,1
DA:5,1
DA:6,58
DA:7,58
DA:8,58
DA:9,57
DA:10,57
DA:11,57
DA:12,57
DA:13,1
DA:14,1
DA:15,1
DA:16,1
DA:17,1
DA:18,56
DA:19,56
DA:20,56
DA:21,57
DA:22,58
DA:23,1
DA:24,1
DA:25,1
DA:26,1
DA:27,1
DA:28,58
DA:29,1
DA:30,1
DA:31,6
DA:32,6
DA:33,6
DA:34,6
DA:35,6
DA:36,6
DA:37,6
DA:38,0
DA:39,0
DA:40,0
DA:41,0
DA:42,0
DA:43,0
DA:44,6
DA:45,6
DA:46,6
DA:47,6
DA:48,6
DA:49,0
DA:50,0
DA:51,6
DA:52,1
DA:53,1
DA:54,1
DA:55,1
DA:56,1
LF:56
LH:48
BRDA:5,0,0,58
BRDA:8,1,0,57
BRDA:22,2,0,1
BRDA:11,3,0,57
BRDA:12,4,0,56
BRDA:12,5,0,1
BRDA:30,6,0,6
BRDA:48,7,0,0
BRDA:36,8,0,6
BRDA:37,9,0,0
BRF:10
BRH:8
end_of_record
TN:
SF:./code/backend/routes/account.js
FN:52,getAccountData
FNF:1
FNH:1
FNDA:2,getAccountData
DA:1,1
DA:2,1
DA:3,1
DA:4,1
DA:5,1
DA:6,1
DA:7,1
DA:8,1
DA:9,1
DA:10,1
DA:11,1
DA:12,1
DA:13,1
DA:14,1
DA:15,1
DA:16,1
DA:17,1
DA:18,1
DA:19,1
DA:20,1
DA:21,1
DA:22,1
DA:23,1
DA:24,1
DA:25,1
DA:26,1
DA:27,1
DA:28,0
DA:29,0
DA:30,0
DA:31,0
DA:32,0
DA:33,1
DA:34,1
DA:35,1
DA:36,1
DA:37,1
DA:38,1
DA:39,1
DA:40,1
DA:41,1
DA:42,0
DA:43,0
DA:44,0
DA:45,0
DA:46,0
DA:47,0
DA:48,1
DA:49,1
DA:50,1
DA:51,1
DA:52,2
DA:53,2
DA:54,2
DA:55,2
DA:56,2
DA:57,2
DA:58,2
DA:59,0
DA:60,0
DA:61,0
DA:62,0
DA:63,2
DA:64,2
DA:65,2
DA:66,2
DA:67,2
DA:68,2
DA:69,2
DA:70,2
DA:71,2
DA:72,2
DA:73,2
DA:74,2
DA:75,2
DA:76,2
DA:77,2
DA:78,2
DA:79,2
DA:80,2
DA:81,2
DA:82,2
DA:83,2
DA:84,2
DA:85,262
DA:86,68
DA:87,68
DA:88,68
DA:89,0
DA:90,0
DA:91,68
DA:92,68
DA:93,68
DA:94,68
DA:95,262
DA:96,182
DA:97,182
DA:98,182
DA:99,182
DA:100,0
DA:101,182
DA:102,0
DA:103,0
DA:104,182
DA:105,182
DA:106,2
DA:107,2
DA:108,2
DA:109,2
DA:110,2
DA:111,2
DA:112,2
DA:113,2
DA:114,2
DA:115,2
DA:116,2
DA:117,2
DA:118,262
DA:119,0
DA:120,0
DA:121,0
DA:122,0
DA:123,0
DA:124,0
DA:125,0
DA:126,0
DA:127,0
DA:128,0
DA:129,0
DA:130,0
DA:131,0
DA:132,0
DA:133,0
DA:134,0
DA:135,0
DA:136,0
DA:137,0
DA:138,0
DA:139,0
DA:140,0
DA:141,0
DA:142,0
DA:143,0
DA:144,0
DA:145,0
DA:146,0
DA:147,0
DA:148,0
DA:149,0
DA:150,0
DA:151,0
DA:152,0
DA:153,0
DA:154,0
DA:155,0
DA:156,0
DA:157,2
DA:158,2
DA:159,2
DA:160,2
DA:161,2
DA:162,2
DA:163,2
DA:164,2
DA:165,2
DA:166,2
DA:167,2
DA:168,2
DA:169,2
DA:170,2
DA:171,2
DA:172,2
DA:173,2
DA:174,2
DA:175,2
DA:176,2
DA:177,2
DA:178,2
DA:179,0
DA:180,0
DA:181,0
DA:182,0
DA:183,2
DA:184,2
DA:185,1
DA:186,1
DA:187,1
DA:188,1
DA:189,1
DA:190,1
DA:191,1
DA:192,1
DA:193,1
DA:194,1
DA:195,1
DA:196,1
DA:197,0
DA:198,0
DA:199,0
DA:200,0
DA:201,0
DA:202,1
DA:203,1
DA:204,1
DA:205,1
DA:206,1
DA:207,1
DA:208,1
DA:209,1
DA:210,0
DA:211,0
DA:212,0
DA:213,0
DA:214,0
DA:215,1
DA:216,1
DA:217,1
DA:218,1
DA:219,1
DA:220,1
DA:221,1
DA:222,1
DA:223,1
DA:224,1
DA:225,1
LF:225
LH:153
BRDA:23,0,0,1
BRDA:27,1,0,0
BRDA:38,2,0,1
BRDA:41,3,0,0
BRDA:52,4,0,2
BRDA:57,5,0,2
BRDA:58,6,0,0
BRDA:76,7,0,2
BRDA:170,8,0,0
BRDA:171,9,0,0
BRDA:84,10,0,262
BRDA:85,11,0,68
BRDA:88,12,0,0
BRDA:95,13,0,194
BRDA:95,14,0,182
BRDA:99,15,0,0
BRDA:101,16,0,0
BRDA:117,17,0,262
BRDA:118,18,0,0
BRDA:186,19,0,1
BRDA:196,20,0,0
BRDA:209,21,0,0
BRF:22
BRH:11
end_of_record
TN:
SF:./code/backend/routes/diagnostic.js
FNF:0
FNH:0
DA:1,1
DA:2,1
DA:3,1
DA:4,1
DA:5,1
DA:6,1
DA:7,1
DA:8,1
DA:9,1
DA:10,1
DA:11,1
DA:12,1
DA:13,1
DA:14,1
DA:15,1
LF:15
LH:15
BRDA:6,0,0,1
BRDA:7,1,0,0
BRF:2
BRH:1
end_of_record
TN:
SF:./code/backend/routes/kriegspiel.js
FN:15,resizeGame
FNF:1
FNH:1
FNDA:11,resizeGame
DA:1,1
DA:2,1
DA:3,1
DA:4,1
DA:5,1
DA:6,1
DA:7,1
DA:8,1
DA:9,1
DA:10,1
DA:11,1
DA:12,1
DA:13,1
DA:14,1
DA:15,11
DA:16,11
DA:17,11
DA:18,11
DA:19,11
DA:20,11
DA:21,11
DA:22,11
DA:23,11
DA:24,11
DA:25,11
DA:26,11
DA:27,11
DA:28,11
DA:29,11
DA:30,11
DA:31,11
DA:32,11
DA:33,11
DA:34,11
DA:35,11
DA:36,11
DA:37,11
DA:38,11
DA:39,1
DA:40,1
DA:41,2
DA:42,2
DA:43,2
DA:44,2
DA:45,2
DA:46,2
DA:47,2
DA:48,2
DA:49,2
DA:50,2
DA:51,2
DA:52,2
DA:53,2
DA:54,2
DA:55,2
DA:56,2
DA:57,2
DA:58,2
DA:59,2
DA:60,2
DA:61,1
DA:62,1
DA:63,1
DA:64,4
DA:65,4
DA:66,4
DA:67,4
DA:68,4
DA:69,4
DA:70,4
DA:71,4
DA:72,1
DA:73,1
DA:74,1
DA:75,1
DA:76,1
DA:77,3
DA:78,3
DA:79,4
DA:80,1
DA:81,1
DA:82,1
DA:83,1
DA:84,1
DA:85,2
DA:86,2
DA:87,2
DA:88,2
DA:89,2
DA:90,2
DA:91,2
DA:92,2
DA:93,1
DA:94,1
DA:95,1
DA:96,3
DA:97,3
DA:98,3
DA:99,3
DA:100,3
DA:101,3
DA:102,3
DA:103,3
DA:104,1
DA:105,1
DA:106,1
DA:107,1
DA:108,1
DA:109,2
DA:110,2
DA:111,2
DA:112,2
DA:113,2
DA:114,2
DA:115,2
DA:116,2
DA:117,2
DA:118,2
DA:119,1
DA:120,1
DA:121,1
DA:122,5
DA:123,5
DA:124,5
DA:125,5
DA:126,1
DA:127,1
DA:128,1
DA:129,1
DA:130,1
DA:131,4
DA:132,4
DA:133,5
DA:134,5
DA:135,1
DA:136,1
DA:137,1
DA:138,1
DA:139,1
DA:140,3
DA:141,5
DA:142,5
DA:143,5
DA:144,5
DA:145,5
DA:146,1
DA:147,1
DA:148,1
DA:149,1
DA:150,1
DA:151,1
DA:152,2
DA:153,2
DA:154,2
DA:155,2
DA:156,2
DA:157,2
DA:158,2
DA:159,2
DA:160,2
DA:161,2
DA:162,2
DA:163,2
DA:164,2
DA:165,5
DA:166,1
DA:167,1
DA:168,1
DA:169,1
DA:170,1
DA:171,1
DA:172,1
DA:173,1
DA:174,1
DA:175,1
DA:176,1
DA:177,1
DA:178,1
DA:179,1
DA:180,1
DA:181,1
DA:182,1
DA:183,1
DA:184,1
DA:185,1
DA:186,1
DA:187,5
DA:188,0
DA:189,0
DA:190,0
DA:191,0
DA:192,0
DA:193,0
DA:194,0
DA:195,0
DA:196,0
DA:197,0
DA:198,0
DA:199,0
DA:200,0
DA:201,0
DA:202,0
DA:203,0
DA:204,0
DA:205,0
DA:206,0
DA:207,0
DA:208,0
DA:209,0
DA:210,0
DA:211,0
DA:212,0
DA:213,0
DA:214,0
DA:215,0
DA:216,0
DA:217,0
DA:218,0
DA:219,0
DA:220,0
DA:221,0
DA:222,0
DA:223,0
DA:224,5
DA:225,0
DA:226,0
DA:227,0
DA:228,0
DA:229,0
DA:230,0
DA:231,0
DA:232,0
DA:233,0
DA:234,0
DA:235,0
DA:236,0
DA:237,0
DA:238,0
DA:239,0
DA:240,1
DA:241,1
DA:242,1
DA:243,1
DA:244,3
DA:245,3
DA:246,3
DA:247,3
DA:248,3
DA:249,3
DA:250,3
DA:251,3
DA:252,3
DA:253,3
DA:254,1
DA:255,1
DA:256,1
DA:257,1
DA:258,1
DA:259,2
DA:260,2
DA:261,2
DA:262,2
DA:263,3
DA:264,1
DA:265,3
DA:266,1
DA:267,1
DA:268,1
DA:269,1
DA:270,1
DA:271,1
DA:272,1
DA:273,1
DA:274,1
DA:275,1
DA:276,3
DA:277,0
DA:278,0
DA:279,1
DA:280,1
DA:281,1
DA:282,1
DA:283,1
DA:284,1
DA:285,1
DA:286,1
DA:287,1
DA:288,1
DA:289,1
DA:290,4
DA:291,4
DA:292,4
DA:293,4
DA:294,1
DA:295,1
DA:296,1
DA:297,1
DA:298,1
DA:299,3
DA:300,3
DA:301,4
DA:302,4
DA:303,1
DA:304,1
DA:305,1
DA:306,1
DA:307,1
DA:308,4
DA:309,0
DA:310,0
DA:311,0
DA:312,0
DA:313,0
DA:314,4
DA:315,0
DA:316,0
DA:317,0
DA:318,0
DA:319,0
DA:320,0
DA:321,2
DA:322,2
DA:323,2
DA:324,2
DA:325,2
DA:326,2
DA:327,2
DA:328,4
DA:329,1
DA:330,1
DA:331,1
DA:332,3
DA:333,3
DA:334,3
DA:335,3
DA:336,3
DA:337,3
DA:338,3
DA:339,3
DA:340,1
DA:341,1
DA:342,1
DA:343,1
DA:344,1
DA:345,2
DA:346,2
DA:347,2
DA:348,2
DA:349,3
DA:350,1
DA:351,3
DA:352,1
DA:353,1
DA:354,1
DA:355,1
DA:356,1
DA:357,1
DA:358,1
DA:359,1
DA:360,1
DA:361,1
DA:362,1
DA:363,1
DA:364,1
DA:365,1
DA:366,1
DA:367,1
DA:368,1
DA:369,1
DA:370,1
DA:371,1
DA:372,1
DA:373,1
DA:374,0
DA:375,0
DA:376,0
DA:377,0
DA:378,0
DA:379,1
DA:380,1
DA:381,1
DA:382,1
DA:383,1
DA:384,1
DA:385,1
DA:386,1
DA:387,0
DA:388,0
DA:389,0
DA:390,0
DA:391,0
DA:392,0
DA:393,1
DA:394,1
DA:395,1
LF:395
LH:320
BRDA:15,0,0,11
BRDA:40,1,0,2
BRDA:45,2,0,0
BRDA:63,3,0,4
BRDA:71,4,0,1
BRDA:76,5,0,3
BRDA:79,6,0,1
BRDA:84,7,0,2
BRDA:95,8,0,3
BRDA:103,9,0,1
BRDA:108,10,0,2
BRDA:121,11,0,5
BRDA:125,12,0,1
BRDA:130,13,0,4
BRDA:133,14,0,3
BRDA:134,15,0,1
BRDA:139,16,0,3
BRDA:141,17,0,1
BRDA:141,18,0,2
BRDA:143,19,0,1
BRDA:143,20,0,3
BRDA:144,21,0,2
BRDA:144,22,0,2
BRDA:145,23,0,0
BRDA:145,24,0,1
BRDA:151,25,0,2
BRDA:165,26,0,1
BRDA:187,27,0,0
BRDA:224,28,0,0
BRDA:243,29,0,3
BRDA:253,30,0,1
BRDA:258,31,0,2
BRDA:263,32,0,1
BRDA:265,33,0,1
BRDA:276,34,0,0
BRDA:278,35,0,1
BRDA:289,36,0,4
BRDA:293,37,0,1
BRDA:298,38,0,3
BRDA:301,39,0,1
BRDA:302,40,0,1
BRDA:307,41,0,2
BRDA:308,42,0,0
BRDA:314,43,0,2
BRDA:314,44,0,0
BRDA:331,45,0,3
BRDA:339,46,0,1
BRDA:344,47,0,2
BRDA:349,48,0,1
BRDA:351,49,0,1
BRDA:370,50,0,1
BRDA:373,51,0,0
BRDA:386,52,0,0
BRF:53
BRH:44
end_of_record
TN:
SF:./code/backend/routes/leaderboard.js
FNF:0
FNH:0
DA:1,1
DA:2,1
DA:3,1
DA:4,1
DA:5,1
DA:6,1
DA:7,1
DA:8,1
DA:9,1
DA:10,1
DA:11,1
DA:12,1
DA:13,1
DA:14,1
DA:15,1
DA:16,1
DA:17,1
DA:18,1
DA:19,1
DA:20,1
DA:21,1
DA:22,1
DA:23,1
DA:24,1
DA:25,1
DA:26,1
DA:27,1
DA:28,1
DA:29,1
DA:30,1
DA:31,1
DA:32,1
DA:33,1
DA:34,1
DA:35,1
DA:36,1
DA:37,1
DA:38,1
DA:39,1
DA:40,1
DA:41,1
DA:42,1
DA:43,1
DA:44,1
DA:45,1
DA:46,1
DA:47,1
DA:48,0
DA:49,0
DA:50,0
DA:51,1
DA:52,1
DA:53,1
DA:54,1
DA:55,1
DA:56,1
DA:57,1
DA:58,1
DA:59,1
DA:60,1
DA:61,1
DA:62,1
DA:63,1
DA:64,1
DA:65,1
DA:66,1
DA:67,1
DA:68,1
DA:69,1
DA:70,1
DA:71,1
DA:72,1
DA:73,1
DA:74,1
DA:75,1
DA:76,1
DA:77,1
DA:78,1
DA:79,1
DA:80,1
DA:81,1
DA:82,1
DA:83,1
DA:84,1
DA:85,1
DA:86,1
DA:87,1
DA:88,1
DA:89,1
DA:90,0
DA:91,0
DA:92,0
DA:93,1
DA:94,1
DA:95,1
DA:96,1
DA:97,1
DA:98,1
DA:99,1
DA:100,1
DA:101,1
DA:102,1
DA:103,1
DA:104,1
DA:105,1
DA:106,1
DA:107,1
DA:108,1
DA:109,1
DA:110,1
DA:111,1
DA:112,1
DA:113,1
DA:114,1
DA:115,1
DA:116,1
DA:117,1
DA:118,1
DA:119,1
DA:120,1
DA:121,1
DA:122,1
DA:123,1
DA:124,1
DA:125,1
DA:126,1
DA:127,1
DA:128,1
DA:129,1
DA:130,1
DA:131,1
DA:132,1
DA:133,0
DA:134,0
DA:135,0
DA:136,1
DA:137,1
DA:138,1
DA:139,1
DA:140,1
DA:141,1
DA:142,1
DA:143,1
DA:144,1
DA:145,1
DA:146,1
DA:147,1
DA:148,1
DA:149,1
DA:150,1
DA:151,1
DA:152,1
DA:153,1
DA:154,1
DA:155,1
DA:156,1
DA:157,1
DA:158,1
DA:159,1
DA:160,1
DA:161,1
DA:162,1
DA:163,1
DA:164,1
DA:165,1
DA:166,1
DA:167,1
DA:168,1
DA:169,1
DA:170,1
DA:171,1
DA:172,1
DA:173,1
DA:174,1
DA:175,1
DA:176,1
DA:177,1
DA:178,1
DA:179,1
DA:180,1
DA:181,0
DA:182,0
DA:183,0
DA:184,0
DA:185,0
DA:186,0
DA:187,0
DA:188,0
DA:189,1
DA:190,1
DA:191,1
DA:192,1
DA:193,1
DA:194,1
DA:195,1
DA:196,1
DA:197,1
DA:198,1
DA:199,1
DA:200,1
DA:201,1
DA:202,1
DA:203,1
DA:204,1
DA:205,1
DA:206,1
DA:207,1
DA:208,0
DA:209,0
DA:210,0
DA:211,0
DA:212,0
DA:213,0
DA:214,1
DA:215,0
DA:216,0
DA:217,0
DA:218,1
DA:219,1
DA:220,1
LF:220
LH:194
BRDA:11,0,0,1
BRDA:47,1,0,0
BRDA:28,2,0,1
BRDA:44,3,0,10
BRDA:53,4,0,1
BRDA:89,5,0,0
BRDA:70,6,0,14
BRDA:86,7,0,10
BRDA:96,8,0,1
BRDA:132,9,0,0
BRDA:113,10,0,13
BRDA:129,11,0,10
BRDA:139,12,0,1
BRDA:180,13,0,0
BRDA:207,14,0,0
BRDA:214,15,0,0
BRF:16
BRH:10
end_of_record
TN:
SF:./code/backend/routes/login.js
FN:9,logUser
FN:23,bcrypt.compare.then.reject.message
FNF:2
FNH:2
FNDA:14,logUser
FNDA:13,bcrypt.compare.then.reject.message
DA:1,1
DA:2,1
DA:3,1
DA:4,1
DA:5,1
DA:6,1
DA:7,1
DA:8,1
DA:9,14
DA:10,14
DA:11,14
DA:12,14
DA:13,14
DA:14,14
DA:15,14
DA:16,14
DA:17,14
DA:18,1
DA:19,1
DA:20,13
DA:21,13
DA:22,13
DA:23,13
DA:24,13
DA:25,0
DA:26,0
DA:27,13
DA:28,13
DA:29,13
DA:30,13
DA:31,13
DA:32,13
DA:33,0
DA:34,0
DA:35,0
DA:36,13
DA:37,13
DA:38,14
DA:39,0
DA:40,0
DA:41,14
DA:42,14
DA:43,0
DA:44,0
DA:45,0
DA:46,14
DA:47,14
DA:48,1
DA:49,1
DA:50,1
DA:51,1
DA:52,1
DA:53,1
DA:54,1
DA:55,1
DA:56,1
DA:57,1
DA:58,1
DA:59,1
DA:60,1
DA:61,1
DA:62,1
DA:63,1
DA:64,1
DA:65,1
DA:66,1
DA:67,15
DA:68,15
DA:69,14
DA:70,14
DA:71,14
DA:72,14
DA:73,14
DA:74,14
DA:75,13
DA:76,13
DA:77,13
DA:78,13
DA:79,13
DA:80,13
DA:81,13
DA:82,13
DA:83,13
DA:84,13
DA:85,13
DA:86,14
DA:87,1
DA:88,1
DA:89,1
DA:90,1
DA:91,14
DA:92,14
DA:93,15
DA:94,1
DA:95,1
DA:96,1
DA:97,1
DA:98,15
DA:99,1
DA:100,1
DA:101,1
LF:101
LH:91
BRDA:9,0,0,14
BRDA:10,1,0,14
BRDA:42,2,0,0
BRDA:16,3,0,14
BRDA:17,4,0,13
BRDA:17,5,0,1
BRDA:23,6,0,13
BRDA:24,7,0,0
BRDA:66,8,0,15
BRDA:68,9,0,14
BRDA:68,10,0,14
BRDA:93,11,0,1
BRDA:74,12,0,13
BRDA:86,13,0,1
BRF:14
BRH:12
end_of_record
TN:
SF:./code/backend/routes/reallybadchess.js
FN:15,resizeGame
FNF:1
FNH:1
FNDA:35,resizeGame
DA:1,1
DA:2,1
DA:3,1
DA:4,1
DA:5,1
DA:6,1
DA:7,1
DA:8,1
DA:9,1
DA:10,1
DA:11,1
DA:12,1
DA:13,1
DA:14,1
DA:15,35
DA:16,35
DA:17,35
DA:18,35
DA:19,35
DA:20,35
DA:21,35
DA:22,35
DA:23,35
DA:24,35
DA:25,35
DA:26,35
DA:27,35
DA:28,35
DA:29,35
DA:30,35
DA:31,35
DA:32,35
DA:33,35
DA:34,35
DA:35,35
DA:36,35
DA:37,35
DA:38,35
DA:39,1
DA:40,1
DA:41,1
DA:42,2
DA:43,2
DA:44,2
DA:45,2
DA:46,2
DA:47,1
DA:48,1
DA:49,1
DA:50,4
DA:51,4
DA:52,4
DA:53,4
DA:54,4
DA:55,4
DA:56,4
DA:57,4
DA:58,4
DA:59,3
DA:60,3
DA:61,4
DA:62,4
DA:63,4
DA:64,4
DA:65,4
DA:66,4
DA:67,4
DA:68,2
DA:69,2
DA:70,2
DA:71,2
DA:72,2
DA:73,2
DA:74,2
DA:75,2
DA:76,2
DA:77,2
DA:78,4
DA:79,4
DA:80,4
DA:81,4
DA:82,4
DA:83,4
DA:84,4
DA:85,4
DA:86,4
DA:87,4
DA:88,4
DA:89,4
DA:90,4
DA:91,1
DA:92,1
DA:93,1
DA:94,1
DA:95,1
DA:96,1
DA:97,1
DA:98,1
DA:99,1
DA:100,1
DA:101,1
DA:102,0
DA:103,0
DA:104,0
DA:105,0
DA:106,0
DA:107,1
DA:108,1
DA:109,1
DA:110,0
DA:111,0
DA:112,0
DA:113,0
DA:114,0
DA:115,1
DA:116,1
DA:117,1
DA:118,1
DA:119,1
DA:120,1
DA:121,1
DA:122,1
DA:123,1
DA:124,1
DA:125,1
DA:126,11
DA:127,11
DA:128,11
DA:129,11
DA:130,11
DA:131,11
DA:132,11
DA:133,0
DA:134,0
DA:135,0
DA:136,0
DA:137,0
DA:138,11
DA:139,11
DA:140,11
DA:141,11
DA:142,11
DA:143,11
DA:144,11
DA:145,11
DA:146,1
DA:147,1
DA:148,1
DA:149,7
DA:150,7
DA:151,7
DA:152,7
DA:153,7
DA:154,7
DA:155,7
DA:156,7
DA:157,0
DA:158,0
DA:159,0
DA:160,0
DA:161,0
DA:162,7
DA:163,7
DA:164,7
DA:165,7
DA:166,7
DA:167,2
DA:168,7
DA:169,0
DA:170,0
DA:171,0
DA:172,0
DA:173,0
DA:174,7
DA:175,7
DA:176,7
DA:177,7
DA:178,7
DA:179,5
DA:180,7
DA:181,2
DA:182,2
DA:183,7
DA:184,7
DA:185,7
DA:186,7
DA:187,7
DA:188,7
DA:189,7
DA:190,7
DA:191,7
DA:192,7
DA:193,7
DA:194,0
DA:195,0
DA:196,0
DA:197,0
DA:198,0
DA:199,0
DA:200,7
DA:201,7
DA:202,7
DA:203,7
DA:204,7
DA:205,7
DA:206,7
DA:207,7
DA:208,7
DA:209,7
DA:210,7
DA:211,7
DA:212,7
DA:213,7
DA:214,7
DA:215,7
DA:216,7
DA:217,0
DA:218,0
DA:219,0
DA:220,0
DA:221,0
DA:222,7
DA:223,0
DA:224,0
DA:225,0
DA:226,0
DA:227,0
DA:228,0
DA:229,0
DA:230,0
DA:231,0
DA:232,0
DA:233,0
DA:234,0
DA:235,0
DA:236,0
DA:237,0
DA:238,1
DA:239,1
DA:240,1
DA:241,3
DA:242,3
DA:243,3
DA:244,3
DA:245,3
DA:246,3
DA:247,3
DA:248,3
DA:249,0
DA:250,0
DA:251,0
DA:252,0
DA:253,0
DA:254,3
DA:255,3
DA:256,3
DA:257,3
DA:258,3
DA:259,0
DA:260,3
DA:261,0
DA:262,0
DA:263,0
DA:264,0
DA:265,0
DA:266,3
DA:267,3
DA:268,3
DA:269,3
DA:270,3
DA:271,3
DA:272,3
DA:273,3
DA:274,0
DA:275,0
DA:276,3
DA:277,3
DA:278,3
DA:279,3
DA:280,3
DA:281,3
DA:282,1
DA:283,3
DA:284,1
DA:285,1
DA:286,3
DA:287,2
DA:288,2
DA:289,2
DA:290,2
DA:291,2
DA:292,2
DA:293,1
DA:294,1
DA:295,1
DA:296,1
DA:297,1
DA:298,1
DA:299,1
DA:300,1
DA:301,1
DA:302,1
DA:303,1
DA:304,1
DA:305,3
DA:306,0
DA:307,0
DA:308,0
DA:309,0
DA:310,0
DA:311,1
DA:312,1
DA:313,1
DA:314,2
DA:315,2
DA:316,2
DA:317,2
DA:318,2
DA:319,2
DA:320,2
DA:321,2
DA:322,2
DA:323,2
DA:324,0
DA:325,0
DA:326,0
DA:327,0
DA:328,0
DA:329,2
DA:330,2
DA:331,2
DA:332,2
DA:333,2
DA:334,2
DA:335,2
DA:336,1
DA:337,1
DA:338,1
DA:339,1
DA:340,1
DA:341,1
DA:342,1
DA:343,1
DA:344,2
DA:345,0
DA:346,2
DA:347,1
DA:348,1
DA:349,1
DA:350,1
DA:351,1
DA:352,1
DA:353,1
DA:354,1
DA:355,1
DA:356,1
DA:357,1
DA:358,1
DA:359,1
DA:360,1
DA:361,1
DA:362,2
DA:363,2
DA:364,2
DA:365,2
DA:366,2
DA:367,2
DA:368,2
DA:369,2
DA:370,2
DA:371,2
DA:372,2
DA:373,0
DA:374,0
DA:375,0
DA:376,0
DA:377,0
DA:378,2
DA:379,2
DA:380,2
DA:381,2
DA:382,2
DA:383,0
DA:384,2
DA:385,0
DA:386,0
DA:387,0
DA:388,0
DA:389,0
DA:390,2
DA:391,2
DA:392,2
DA:393,2
DA:394,2
DA:395,2
DA:396,2
DA:397,2
DA:398,1
DA:399,1
DA:400,1
DA:401,1
DA:402,1
DA:403,1
DA:404,1
DA:405,1
DA:406,0
DA:407,0
DA:408,0
DA:409,0
DA:410,0
DA:411,1
DA:412,1
DA:413,1
DA:414,1
DA:415,1
DA:416,1
DA:417,1
DA:418,1
DA:419,0
DA:420,0
DA:421,0
DA:422,0
DA:423,0
DA:424,0
DA:425,1
DA:426,1
DA:427,1
LF:427
LH:330
BRDA:15,0,0,35
BRDA:41,1,0,2
BRDA:49,2,0,4
BRDA:54,3,0,0
BRDA:58,4,0,3
BRDA:67,5,0,2
BRDA:76,6,0,0
BRDA:93,7,0,1
BRDA:101,8,0,0
BRDA:109,9,0,0
BRDA:125,10,0,11
BRDA:132,11,0,0
BRDA:148,12,0,7
BRDA:156,13,0,0
BRDA:166,14,0,2
BRDA:168,15,0,0
BRDA:178,16,0,5
BRDA:180,17,0,2
BRDA:188,18,0,2
BRDA:190,19,0,5
BRDA:192,20,0,0
BRDA:193,21,0,0
BRDA:216,22,0,0
BRDA:222,23,0,0
BRDA:240,24,0,3
BRDA:248,25,0,0
BRDA:258,26,0,0
BRDA:260,27,0,0
BRDA:273,28,0,0
BRDA:281,29,0,2
BRDA:281,30,0,1
BRDA:283,31,0,1
BRDA:285,32,0,0
BRDA:286,33,0,2
BRDA:292,34,0,1
BRDA:305,35,0,0
BRDA:313,36,0,2
BRDA:323,37,0,0
BRDA:335,38,0,1
BRDA:344,39,0,0
BRDA:346,40,0,1
BRDA:361,41,0,2
BRDA:372,42,0,0
BRDA:382,43,0,0
BRDA:384,44,0,0
BRDA:402,45,0,1
BRDA:405,46,0,0
BRDA:418,47,0,0
BRF:48
BRH:24
end_of_record
TN:
SF:./code/backend/routes/registration.js
FN:9,registerUser
FNF:1
FNH:1
FNDA:2,registerUser
DA:1,1
DA:2,1
DA:3,1
DA:4,1
DA:5,1
DA:6,1
DA:7,1
DA:8,1
DA:9,2
DA:10,2
DA:11,2
DA:12,2
DA:13,2
DA:14,2
DA:15,2
DA:16,2
DA:17,2
DA:18,2
DA:19,2
DA:20,2
DA:21,2
DA:22,2
DA:23,2
DA:24,2
DA:25,2
DA:26,2
DA:27,2
DA:28,2
DA:29,2
DA:30,2
DA:31,0
DA:32,0
DA:33,0
DA:34,0
DA:35,0
DA:36,0
DA:37,0
DA:38,0
DA:39,0
DA:40,0
DA:41,0
DA:42,0
DA:43,0
DA:44,0
DA:45,0
DA:46,0
DA:47,0
DA:48,0
DA:49,0
DA:50,0
DA:51,0
DA:52,0
DA:53,0
DA:54,0
DA:55,0
DA:56,0
DA:57,0
DA:58,0
DA:59,0
DA:60,2
DA:61,0
DA:62,0
DA:63,0
DA:64,0
DA:65,0
DA:66,2
DA:67,2
DA:68,0
DA:69,0
DA:70,0
DA:71,0
DA:72,0
DA:73,2
DA:74,2
DA:75,0
DA:76,0
DA:77,0
DA:78,0
DA:79,0
DA:80,0
DA:81,2
DA:82,2
DA:83,1
DA:84,1
DA:85,1
DA:86,1
DA:87,1
DA:88,1
DA:89,1
DA:90,1
DA:91,1
DA:92,1
DA:93,1
DA:94,1
DA:95,1
DA:96,1
DA:97,1
DA:98,1
DA:99,1
DA:100,1
DA:101,3
DA:102,3
DA:103,2
DA:104,2
DA:105,2
DA:106,2
DA:107,2
DA:108,2
DA:109,2
DA:110,0
DA:111,0
DA:112,0
DA:113,0
DA:114,0
DA:115,0
DA:116,0
DA:117,0
DA:118,0
DA:119,0
DA:120,0
DA:121,0
DA:122,0
DA:123,0
DA:124,2
DA:125,2
DA:126,2
DA:127,2
DA:128,2
DA:129,2
DA:130,3
DA:131,1
DA:132,1
DA:133,1
DA:134,3
DA:135,1
DA:136,1
DA:137,1
LF:137
LH:78
BRDA:9,0,0,2
BRDA:10,1,0,2
BRDA:74,2,0,0
BRDA:13,3,0,2
BRDA:17,4,0,2
BRDA:30,5,0,0
BRDA:100,6,0,3
BRDA:102,7,0,2
BRDA:102,8,0,2
BRDA:130,9,0,1
BRDA:124,10,0,2
BRF:11
BRH:9
end_of_record
TN:
SF:./code/backend/routes/webpages.js
FNF:0
FNH:0
DA:1,1
DA:2,1
DA:3,1
DA:4,1
DA:5,1
DA:6,1
DA:7,1
DA:8,1
DA:9,1
DA:10,1
DA:11,5
DA:12,1
DA:13,1
DA:14,1
DA:15,1
DA:16,1
LF:16
LH:16
BRDA:10,0,0,5
BRF:1
BRH:1
end_of_record
TN:
SF:./code/backend/utils/dbmanagement.js
FN:26,connectToDatabase
FN:48,disconnectFromDatabase
FN:75,ensureDbAndCollectionsExist
FN:115,checkAndCreateComputerUser
FNF:4
FNH:3
FNDA:5,connectToDatabase
FNDA:0,disconnectFromDatabase
FNDA:5,ensureDbAndCollectionsExist
FNDA:5,checkAndCreateComputerUser
DA:1,1
DA:2,1
DA:3,1
DA:4,1
DA:5,1
DA:6,1
DA:7,1
DA:8,1
DA:9,1
DA:10,1
DA:11,1
DA:12,1
DA:13,1
DA:14,1
DA:15,1
DA:16,1
DA:17,1
DA:18,1
DA:19,1
DA:20,1
DA:21,1
DA:22,1
DA:23,1
DA:24,1
DA:25,1
DA:26,5
DA:27,5
DA:28,5
DA:29,5
DA:30,5
DA:31,5
DA:32,5
DA:33,5
DA:34,5
DA:35,5
DA:36,0
DA:37,0
DA:38,0
DA:39,0
DA:40,0
DA:41,0
DA:42,0
DA:43,0
DA:44,0
DA:45,5
DA:46,1
DA:47,1
DA:48,0
DA:49,0
DA:50,0
DA:51,0
DA:52,0
DA:53,0
DA:54,0
DA:55,0
DA:56,1
DA:57,1
DA:58,1
DA:59,0
DA:60,0
DA:61,0
DA:62,0
DA:63,0
DA:64,0
DA:65,0
DA:66,0
DA:67,1
DA:68,1
DA:69,1
DA:70,1
DA:71,1
DA:72,1
DA:73,1
DA:74,1
DA:75,5
DA:76,5
DA:77,5
DA:78,5
DA:79,5
DA:80,5
DA:81,5
DA:82,5
DA:83,5
DA:84,5
DA:85,5
DA:86,0
DA:87,0
DA:88,0
DA:89,0
DA:90,5
DA:91,5
DA:92,5
DA:93,5
DA:94,5
DA:95,10
DA:96,0
DA:97,0
DA:98,0
DA:99,10
DA:100,5
DA:101,5
DA:102,5
DA:103,0
DA:104,0
DA:105,0
DA:106,0
DA:107,0
DA:108,5
DA:109,5
DA:110,5
DA:111,1
DA:112,1
DA:113,1
DA:114,1
DA:115,5
DA:116,5
DA:117,5
DA:118,5
DA:119,5
DA:120,5
DA:121,5
DA:122,5
DA:123,5
DA:124,5
DA:125,0
DA:126,0
DA:127,0
DA:128,0
DA:129,0
DA:130,0
DA:131,0
DA:132,0
DA:133,0
DA:134,0
DA:135,0
DA:136,5
DA:137,5
DA:138,5
DA:139,5
DA:140,0
DA:141,0
DA:142,5
DA:143,1
DA:144,1
DA:145,1
DA:146,1
DA:147,1
DA:148,1
DA:149,1
DA:150,1
LF:150
LH:100
BRDA:26,0,0,5
BRDA:35,1,0,0
BRDA:75,2,0,5
BRDA:85,3,0,0
BRDA:94,4,0,10
BRDA:95,5,0,0
BRDA:102,6,0,0
BRDA:92,7,0,10
BRDA:115,8,0,5
BRDA:124,9,0,0
BRDA:139,10,0,0
BRF:11
BRH:5
end_of_record
TN:
SF:./code/backend/utils/chess/boardFunctions.js
FN:19,findChessPiecesWithRank
FN:106,getRandomPieceValue
FN:114,calculateMedian
FN:119,filterPieces
FN:127,getDefaultFilteredPieces
FN:133,handleSpecialCase
FN:147,calculatePieceWeights
FN:154,calculateTotalWeight
FN:159,getRandomValue
FN:165,selectPiece
FN:184,weightFunction
FN:202,generateBoard
FN:347,generateBoardWithSeed
FN:486,generateSeed
FN:506,calculateRanks
FN:517,getPiecePosition
FN:536,cloneChessBoard
FNF:17
FNH:16
FNDA:33,findChessPiecesWithRank
FNDA:34,getRandomPieceValue
FNDA:34,calculateMedian
FNDA:496,filterPieces
FNDA:207,getDefaultFilteredPieces
FNDA:496,handleSpecialCase
FNDA:496,calculatePieceWeights
FNDA:496,calculateTotalWeight
FNDA:1,getRandomValue
FNDA:496,selectPiece
FNDA:931,weightFunction
FNDA:3,generateBoard
FNDA:13,generateBoardWithSeed
FNDA:13,generateSeed
FNDA:19,calculateRanks
FNDA:1,getPiecePosition
FNDA:0,cloneChessBoard
DA:1,1
DA:2,1
DA:3,1
DA:4,1
DA:5,1
DA:6,1
DA:7,1
DA:8,1
DA:9,1
DA:10,1
DA:11,1
DA:12,1
DA:13,1
DA:14,1
DA:15,1
DA:16,1
DA:17,1
DA:18,1
DA:19,33
DA:20,33
DA:21,33
DA:22,33
DA:23,33
DA:24,33
DA:25,33
DA:26,33
DA:27,33
DA:28,33
DA:29,33
DA:30,33
DA:31,33
DA:32,33
DA:33,33
DA:34,33
DA:35,33
DA:36,264
DA:37,264
DA:38,264
DA:39,264
DA:40,264
DA:41,144
DA:42,144
DA:43,264
DA:44,264
DA:45,264
DA:46,264
DA:47,264
DA:48,264
DA:49,264
DA:50,264
DA:51,264
DA:52,264
DA:53,264
DA:54,264
DA:55,264
DA:56,264
DA:57,264
DA:58,264
DA:59,264
DA:60,264
DA:61,264
DA:62,264
DA:63,96
DA:64,264
DA:65,264
DA:66,264
DA:67,33
DA:68,33
DA:69,33
DA:70,33
DA:71,33
DA:72,33
DA:73,33
DA:74,33
DA:75,33
DA:76,33
DA:77,231
DA:78,231
DA:79,231
DA:80,62
DA:81,62
DA:82,231
DA:83,231
DA:84,231
DA:85,231
DA:86,231
DA:87,231
DA:88,231
DA:89,231
DA:90,231
DA:91,231
DA:92,231
DA:93,231
DA:94,231
DA:95,231
DA:96,231
DA:97,151
DA:98,231
DA:99,231
DA:100,231
DA:101,33
DA:102,33
DA:103,33
DA:104,1
DA:105,1
DA:106,34
DA:107,34
DA:108,34
DA:109,34
DA:110,34
DA:111,34
DA:112,34
DA:113,1
DA:114,34
DA:115,34
DA:116,34
DA:117,1
DA:118,1
DA:119,496
DA:120,496
DA:121,1985
DA:122,1136
DA:123,849
DA:124,496
DA:125,496
DA:126,1
DA:127,207
DA:128,207
DA:129,0
DA:130,207
DA:131,207
DA:132,1
DA:133,496
DA:134,496
DA:135,416
DA:136,416
DA:137,416
DA:138,416
DA:139,199
DA:140,416
DA:141,416
DA:142,416
DA:143,496
DA:144,496
DA:145,1
DA:146,1
DA:147,496
DA:148,496
DA:149,930
DA:150,496
DA:151,496
DA:152,1
DA:153,1
DA:154,496
DA:155,496
DA:156,496
DA:157,1
DA:158,1
DA:159,1
DA:160,1
DA:161,1
DA:162,1
DA:163,1
DA:164,1
DA:165,496
DA:166,496
DA:167,496
DA:168,496
DA:169,496
DA:170,8
DA:171,8
DA:172,496
DA:173,496
DA:174,668
DA:175,668
DA:176,353
DA:177,353
DA:178,353
DA:179,668
DA:180,496
DA:181,496
DA:182,1
DA:183,1
DA:184,931
DA:185,931
DA:186,931
DA:187,931
DA:188,931
DA:189,931
DA:190,1
DA:191,1
DA:192,1
DA:193,1
DA:194,1
DA:195,1
DA:196,1
DA:197,1
DA:198,1
DA:199,1
DA:200,1
DA:201,1
DA:202,3
DA:203,3
DA:204,3
DA:205,3
DA:206,3
DA:207,3
DA:208,3
DA:209,3
DA:210,3
DA:211,3
DA:212,3
DA:213,3
DA:214,3
DA:215,3
DA:216,3
DA:217,3
DA:218,3
DA:219,3
DA:220,3
DA:221,3
DA:222,3
DA:223,3
DA:224,3
DA:225,3
DA:226,3
DA:227,3
DA:228,3
DA:229,3
DA:230,3
DA:231,3
DA:232,3
DA:233,3
DA:234,3
DA:235,3
DA:236,3
DA:237,3
DA:238,3
DA:239,3
DA:240,3
DA:241,3
DA:242,3
DA:243,3
DA:244,3
DA:245,3
DA:246,3
DA:247,3
DA:248,3
DA:249,3
DA:250,3
DA:251,3
DA:252,3
DA:253,0
DA:254,0
DA:255,0
DA:256,0
DA:257,0
DA:258,0
DA:259,0
DA:260,0
DA:261,0
DA:262,3
DA:263,3
DA:264,3
DA:265,3
DA:266,3
DA:267,2
DA:268,2
DA:269,2
DA:270,2
DA:271,2
DA:272,2
DA:273,2
DA:274,2
DA:275,2
DA:276,2
DA:277,2
DA:278,3
DA:279,3
DA:280,3
DA:281,3
DA:282,43
DA:283,43
DA:284,43
DA:285,43
DA:286,43
DA:287,43
DA:288,43
DA:289,43
DA:290,43
DA:291,3
DA:292,3
DA:293,3
DA:294,3
DA:295,3
DA:296,1
DA:297,1
DA:298,1
DA:299,1
DA:300,1
DA:301,1
DA:302,1
DA:303,1
DA:304,1
DA:305,3
DA:306,3
DA:307,3
DA:308,3
DA:309,3
DA:310,7
DA:311,7
DA:312,7
DA:313,7
DA:314,7
DA:315,7
DA:316,7
DA:317,7
DA:318,7
DA:319,7
DA:320,7
DA:321,3
DA:322,3
DA:323,3
DA:324,3
DA:325,37
DA:326,37
DA:327,37
DA:328,37
DA:329,37
DA:330,37
DA:331,37
DA:332,37
DA:333,37
DA:334,3
DA:335,3
DA:336,3
DA:337,3
DA:338,3
DA:339,1
DA:340,1
DA:341,1
DA:342,1
DA:343,1
DA:344,1
DA:345,1
DA:346,1
DA:347,13
DA:348,13
DA:349,13
DA:350,13
DA:351,13
DA:352,13
DA:353,13
DA:354,13
DA:355,13
DA:356,13
DA:357,13
DA:358,13
DA:359,13
DA:360,13
DA:361,13
DA:362,13
DA:363,13
DA:364,13
DA:365,13
DA:366,13
DA:367,13
DA:368,13
DA:369,13
DA:370,13
DA:371,13
DA:372,13
DA:373,13
DA:374,13
DA:375,13
DA:376,13
DA:377,13
DA:378,13
DA:379,13
DA:380,13
DA:381,13
DA:382,13
DA:383,13
DA:384,13
DA:385,13
DA:386,13
DA:387,13
DA:388,13
DA:389,13
DA:390,13
DA:391,13
DA:392,13
DA:393,13
DA:394,13
DA:395,13
DA:396,13
DA:397,13
DA:398,13
DA:399,13
DA:400,4
DA:401,4
DA:402,4
DA:403,4
DA:404,4
DA:405,4
DA:406,4
DA:407,4
DA:408,4
DA:409,13
DA:410,13
DA:411,13
DA:412,13
DA:413,13
DA:414,28
DA:415,28
DA:416,28
DA:417,28
DA:418,28
DA:419,28
DA:420,28
DA:421,28
DA:422,28
DA:423,28
DA:424,28
DA:425,13
DA:426,13
DA:427,13
DA:428,13
DA:429,163
DA:430,163
DA:431,163
DA:432,163
DA:433,163
DA:434,163
DA:435,163
DA:436,163
DA:437,163
DA:438,13
DA:439,13
DA:440,13
DA:441,13
DA:442,13
DA:443,11
DA:444,11
DA:445,11
DA:446,11
DA:447,11
DA:448,11
DA:449,11
DA:450,11
DA:451,11
DA:452,13
DA:453,13
DA:454,13
DA:455,13
DA:456,13
DA:457,63
DA:458,63
DA:459,63
DA:460,63
DA:461,63
DA:462,63
DA:463,63
DA:464,63
DA:465,63
DA:466,63
DA:467,63
DA:468,13
DA:469,13
DA:470,13
DA:471,121
DA:472,121
DA:473,121
DA:474,121
DA:475,121
DA:476,121
DA:477,121
DA:478,121
DA:479,121
DA:480,13
DA:481,13
DA:482,13
DA:483,13
DA:484,1
DA:485,1
DA:486,13
DA:487,13
DA:488,13
DA:489,6
DA:490,6
DA:491,6
DA:492,6
DA:493,6
DA:494,6
DA:495,6
DA:496,6
DA:497,6
DA:498,6
DA:499,6
DA:500,6
DA:501,6
DA:502,7
DA:503,7
DA:504,1
DA:505,1
DA:506,19
DA:507,19
DA:508,19
DA:509,19
DA:510,19
DA:511,19
DA:512,19
DA:513,19
DA:514,19
DA:515,1
DA:516,1
DA:517,1
DA:518,1
DA:519,1
DA:520,1
DA:521,1
DA:522,64
DA:523,8
DA:524,8
DA:525,64
DA:526,1
DA:527,1
DA:528,1
DA:529,8
DA:530,8
DA:531,8
DA:532,1
DA:533,1
DA:534,1
DA:535,1
DA:536,1
DA:537,0
DA:538,0
DA:539,1
DA:540,1
DA:541,1
DA:542,1
DA:543,1
DA:544,1
DA:545,1
DA:546,1
DA:547,1
DA:548,1
DA:549,1
DA:550,1
DA:551,1
DA:552,1
DA:553,1
DA:554,1
DA:555,1
DA:556,1
DA:557,1
LF:557
LH:545
BRDA:19,0,0,33
BRDA:35,1,0,264
BRDA:40,2,0,144
BRDA:56,3,0,56
BRDA:56,4,0,208
BRDA:63,5,0,96
BRDA:64,6,0,168
BRDA:76,7,0,231
BRDA:79,8,0,62
BRDA:92,9,0,49
BRDA:92,10,0,182
BRDA:97,11,0,151
BRDA:98,12,0,80
BRDA:106,13,0,34
BRDA:109,14,0,7
BRDA:109,15,0,27
BRDA:114,16,0,34
BRDA:119,17,0,496
BRDA:120,18,0,1985
BRDA:122,19,0,1136
BRDA:123,20,0,849
BRDA:127,21,0,207
BRDA:129,22,0,0
BRDA:133,23,0,496
BRDA:134,24,0,416
BRDA:136,25,0,100
BRDA:136,26,0,316
BRDA:139,27,0,199
BRDA:140,28,0,217
BRDA:134,29,0,545
BRDA:135,30,0,1114
BRDA:147,31,0,496
BRDA:148,32,0,930
BRDA:154,33,0,496
BRDA:155,34,0,930
BRDA:159,35,0,1
BRDA:161,36,0,0
BRDA:165,37,0,496
BRDA:169,38,0,8
BRDA:169,39,0,8
BRDA:173,40,0,668
BRDA:175,41,0,353
BRDA:184,42,0,931
BRDA:202,43,0,3
BRDA:281,44,0,43
BRDA:324,45,0,37
BRDA:251,46,0,45
BRDA:265,47,0,45
BRDA:266,48,0,2
BRDA:267,49,0,30
BRDA:273,50,0,18
BRDA:294,51,0,45
BRDA:295,52,0,1
BRDA:296,53,0,15
BRDA:301,54,0,8
BRDA:308,55,0,44
BRDA:309,56,0,7
BRDA:310,57,0,84
BRDA:316,58,0,63
BRDA:347,59,0,13
BRDA:352,60,0,0
BRDA:428,61,0,163
BRDA:430,62,0,0
BRDA:470,63,0,121
BRDA:472,64,0,0
BRDA:398,65,0,195
BRDA:399,66,0,4
BRDA:401,67,0,0
BRDA:400,68,0,57
BRDA:405,69,0,19
BRDA:412,70,0,191
BRDA:413,71,0,28
BRDA:416,72,0,0
BRDA:414,73,0,336
BRDA:420,74,0,252
BRDA:441,75,0,195
BRDA:442,76,0,11
BRDA:444,77,0,0
BRDA:443,78,0,163
BRDA:448,79,0,32
BRDA:455,80,0,184
BRDA:456,81,0,63
BRDA:459,82,0,0
BRDA:457,83,0,721
BRDA:463,84,0,532
BRDA:486,85,0,13
BRDA:488,86,0,6
BRDA:501,87,0,7
BRDA:506,88,0,19
BRDA:508,89,0,3
BRDA:508,90,0,16
BRDA:508,91,0,0
BRDA:517,92,0,1
BRDA:521,93,0,64
BRDA:522,94,0,32
BRDA:522,95,0,16
BRDA:522,96,0,8
BRDA:528,97,0,8
BRF:98
BRH:88
end_of_record
TN:
SF:./code/backend/utils/chess/chessgames.js
FN:27,createNewGameWithSettings
FN:160,joinGame
FN:193,getGame
FN:204,getEmptyGames
FN:218,getKEmptyGames
FN:240,handleGameOver
FN:276,checkThreefoldRepetition
FN:299,checkFiftyMoveRule
FN:319,movePiece
FN:478,undoMove
FN:539,saveGame
FN:597,calculateEloChange
FN:629,changeElo
FN:665,changeEloKriegspiel
FN:701,changeRank
FN:728,calculateRankDiff
FNF:16
FNH:16
FNDA:10,createNewGameWithSettings
FNDA:4,joinGame
FNDA:58,getGame
FNDA:2,getEmptyGames
FNDA:1,getKEmptyGames
FNDA:3,handleGameOver
FNDA:3,checkThreefoldRepetition
FNDA:4,checkFiftyMoveRule
FNDA:10,movePiece
FNDA:1,undoMove
FNDA:3,saveGame
FNDA:12,calculateEloChange
FNDA:1,changeElo
FNDA:2,changeEloKriegspiel
FNDA:1,changeRank
FNDA:1,calculateRankDiff
DA:1,1
DA:2,1
DA:3,1
DA:4,1
DA:5,1
DA:6,1
DA:7,1
DA:8,1
DA:9,1
DA:10,1
DA:11,1
DA:12,1
DA:13,1
DA:14,1
DA:15,1
DA:16,1
DA:17,1
DA:18,1
DA:19,1
DA:20,1
DA:21,1
DA:22,1
DA:23,1
DA:24,1
DA:25,1
DA:26,1
DA:27,1
DA:28,10
DA:29,10
DA:30,10
DA:31,10
DA:32,10
DA:33,10
DA:34,10
DA:35,10
DA:36,10
DA:37,10
DA:38,10
DA:39,10
DA:40,10
DA:41,10
DA:42,10
DA:43,10
DA:44,10
DA:45,10
DA:46,10
DA:47,10
DA:48,10
DA:49,10
DA:50,1
DA:51,1
DA:52,1
DA:53,10
DA:54,1
DA:55,1
DA:56,10
DA:57,2
DA:58,2
DA:59,2
DA:60,2
DA:61,10
DA:62,6
DA:63,6
DA:64,10
DA:65,10
DA:66,10
DA:67,10
DA:68,10
DA:69,10
DA:70,10
DA:71,10
DA:72,10
DA:73,10
DA:74,9
DA:75,10
DA:76,3
DA:77,3
DA:78,3
DA:79,3
DA:80,3
DA:81,3
DA:82,3
DA:83,3
DA:84,3
DA:85,3
DA:86,3
DA:87,3
DA:88,2
DA:89,1
DA:90,3
DA:91,3
DA:92,3
DA:93,3
DA:94,3
DA:95,3
DA:96,3
DA:97,3
DA:98,3
DA:99,3
DA:100,0
DA:101,0
DA:102,0
DA:103,3
DA:104,3
DA:105,10
DA:106,10
DA:107,10
DA:108,10
DA:109,10
DA:110,10
DA:111,10
DA:112,10
DA:113,10
DA:114,10
DA:115,10
DA:116,10
DA:117,10
DA:118,10
DA:119,10
DA:120,10
DA:121,10
DA:122,10
DA:123,10
DA:124,10
DA:125,10
DA:126,10
DA:127,10
DA:128,10
DA:129,10
DA:130,10
DA:131,10
DA:132,10
DA:133,10
DA:134,10
DA:135,10
DA:136,10
DA:137,10
DA:138,10
DA:139,10
DA:140,10
DA:141,10
DA:142,10
DA:143,10
DA:144,10
DA:145,10
DA:146,10
DA:147,10
DA:148,10
DA:149,10
DA:150,10
DA:151,10
DA:152,10
DA:153,10
DA:154,10
DA:155,10
DA:156,10
DA:157,10
DA:158,1
DA:159,1
DA:160,1
DA:161,4
DA:162,4
DA:163,4
DA:164,4
DA:165,4
DA:166,4
DA:167,4
DA:168,4
DA:169,4
DA:170,4
DA:171,4
DA:172,4
DA:173,4
DA:174,4
DA:175,4
DA:176,4
DA:177,4
DA:178,4
DA:179,3
DA:180,2
DA:181,1
DA:182,4
DA:183,4
DA:184,4
DA:185,1
DA:186,1
DA:187,1
DA:188,1
DA:189,1
DA:190,1
DA:191,1
DA:192,1
DA:193,1
DA:194,58
DA:195,58
DA:196,58
DA:197,58
DA:198,1
DA:199,1
DA:200,1
DA:201,1
DA:202,1
DA:203,1
DA:204,1
DA:205,2
DA:206,2
DA:207,4
DA:208,4
DA:209,1
DA:210,4
DA:211,1
DA:212,1
DA:213,2
DA:214,2
DA:215,2
DA:216,1
DA:217,1
DA:218,1
DA:219,1
DA:220,1
DA:221,1
DA:222,1
DA:223,1
DA:224,1
DA:225,1
DA:226,1
DA:227,1
DA:228,1
DA:229,1
DA:230,1
DA:231,1
DA:232,1
DA:233,1
DA:234,1
DA:235,1
DA:236,1
DA:237,1
DA:238,1
DA:239,1
DA:240,1
DA:241,3
DA:242,3
DA:243,3
DA:244,3
DA:245,3
DA:246,3
DA:247,3
DA:248,3
DA:249,3
DA:250,3
DA:251,3
DA:252,3
DA:253,3
DA:254,1
DA:255,3
DA:256,0
DA:257,0
DA:258,0
DA:259,0
DA:260,0
DA:261,2
DA:262,2
DA:263,2
DA:264,2
DA:265,2
DA:266,2
DA:267,2
DA:268,3
DA:269,0
DA:270,3
DA:271,3
DA:272,3
DA:273,0
DA:274,0
DA:275,1
DA:276,1
DA:277,3
DA:278,3
DA:279,3
DA:280,3
DA:281,22
DA:282,22
DA:283,22
DA:284,1
DA:285,1
DA:286,1
DA:287,1
DA:288,1
DA:289,1
DA:290,1
DA:291,0
DA:292,0
DA:293,1
DA:294,22
DA:295,3
DA:296,3
DA:297,1
DA:298,1
DA:299,1
DA:300,4
DA:301,0
DA:302,0
DA:303,0
DA:304,0
DA:305,0
DA:306,0
DA:307,0
DA:308,0
DA:309,0
DA:310,1
DA:311,1
DA:312,1
DA:313,1
DA:314,1
DA:315,1
DA:316,1
DA:317,1
DA:318,1
DA:319,1
DA:320,10
DA:321,10
DA:322,10
DA:323,10
DA:324,10
DA:325,10
DA:326,10
DA:327,10
DA:328,10
DA:329,10
DA:330,10
DA:331,10
DA:332,10
DA:333,10
DA:334,10
DA:335,10
DA:336,10
DA:337,10
DA:338,10
DA:339,0
DA:340,0
DA:341,0
DA:342,10
DA:343,10
DA:344,10
DA:345,10
DA:346,10
DA:347,10
DA:348,10
DA:349,10
DA:350,10
DA:351,10
DA:352,10
DA:353,10
DA:354,10
DA:355,10
DA:356,10
DA:357,10
DA:358,10
DA:359,10
DA:360,10
DA:361,10
DA:362,10
DA:363,10
DA:364,5
DA:365,5
DA:366,10
DA:367,10
DA:368,10
DA:369,10
DA:370,10
DA:371,10
DA:372,10
DA:373,10
DA:374,10
DA:375,10
DA:376,10
DA:377,10
DA:378,0
DA:379,0
DA:380,10
DA:381,0
DA:382,0
DA:383,10
DA:384,0
DA:385,0
DA:386,10
DA:387,10
DA:388,10
DA:389,10
DA:390,10
DA:391,10
DA:392,10
DA:393,10
DA:394,10
DA:395,10
DA:396,3
DA:397,3
DA:398,2
DA:399,2
DA:400,2
DA:401,2
DA:402,2
DA:403,2
DA:404,2
DA:405,2
DA:406,1
DA:407,1
DA:408,1
DA:409,1
DA:410,1
DA:411,2
DA:412,2
DA:413,1
DA:414,1
DA:415,1
DA:416,1
DA:417,1
DA:418,1
DA:419,1
DA:420,2
DA:421,2
DA:422,0
DA:423,0
DA:424,0
DA:425,0
DA:426,0
DA:427,0
DA:428,0
DA:429,3
DA:430,3
DA:431,10
DA:432,10
DA:433,10
DA:434,10
DA:435,10
DA:436,10
DA:437,10
DA:438,10
DA:439,10
DA:440,10
DA:441,5
DA:442,2
DA:443,2
DA:444,2
DA:445,0
DA:446,0
DA:447,0
DA:448,0
DA:449,0
DA:450,0
DA:451,5
DA:452,5
DA:453,5
DA:454,7
DA:455,7
DA:456,7
DA:457,0
DA:458,0
DA:459,0
DA:460,0
DA:461,0
DA:462,0
DA:463,5
DA:464,5
DA:465,10
DA:466,10
DA:467,10
DA:468,10
DA:469,10
DA:470,10
DA:471,1
DA:472,1
DA:473,1
DA:474,1
DA:475,1
DA:476,1
DA:477,1
DA:478,1
DA:479,1
DA:480,1
DA:481,1
DA:482,1
DA:483,1
DA:484,1
DA:485,1
DA:486,1
DA:487,1
DA:488,1
DA:489,1
DA:490,1
DA:491,1
DA:492,1
DA:493,1
DA:494,1
DA:495,1
DA:496,1
DA:497,1
DA:498,1
DA:499,1
DA:500,1
DA:501,1
DA:502,1
DA:503,1
DA:504,1
DA:505,1
DA:506,1
DA:507,1
DA:508,1
DA:509,1
DA:510,1
DA:511,1
DA:512,1
DA:513,1
DA:514,1
DA:515,1
DA:516,1
DA:517,1
DA:518,1
DA:519,1
DA:520,1
DA:521,1
DA:522,1
DA:523,1
DA:524,1
DA:525,1
DA:526,1
DA:527,1
DA:528,1
DA:529,1
DA:530,1
DA:531,1
DA:532,1
DA:533,1
DA:534,1
DA:535,1
DA:536,1
DA:537,1
DA:538,1
DA:539,1
DA:540,3
DA:541,3
DA:542,3
DA:543,3
DA:544,3
DA:545,3
DA:546,3
DA:547,3
DA:548,3
DA:549,3
DA:550,3
DA:551,3
DA:552,3
DA:553,3
DA:554,3
DA:555,3
DA:556,3
DA:557,3
DA:558,3
DA:559,3
DA:560,3
DA:561,3
DA:562,3
DA:563,3
DA:564,3
DA:565,3
DA:566,3
DA:567,3
DA:568,3
DA:569,1
DA:570,3
DA:571,3
DA:572,3
DA:573,3
DA:574,3
DA:575,3
DA:576,3
DA:577,3
DA:578,3
DA:579,3
DA:580,3
DA:581,3
DA:582,3
DA:583,3
DA:584,3
DA:585,3
DA:586,3
DA:587,1
DA:588,1
DA:589,1
DA:590,1
DA:591,1
DA:592,1
DA:593,1
DA:594,1
DA:595,1
DA:596,1
DA:597,1
DA:598,12
DA:599,12
DA:600,12
DA:601,12
DA:602,12
DA:603,12
DA:604,12
DA:605,12
DA:606,12
DA:607,12
DA:608,12
DA:609,0
DA:610,0
DA:611,12
DA:612,0
DA:613,0
DA:614,12
DA:615,12
DA:616,12
DA:617,12
DA:618,12
DA:619,12
DA:620,1
DA:621,1
DA:622,1
DA:623,1
DA:624,1
DA:625,1
DA:626,1
DA:627,1
DA:628,1
DA:629,1
DA:630,1
DA:631,1
DA:632,1
DA:633,1
DA:634,1
DA:635,1
DA:636,1
DA:637,1
DA:638,1
DA:639,1
DA:640,0
DA:641,0
DA:642,0
DA:643,0
DA:644,0
DA:645,0
DA:646,0
DA:647,1
DA:648,1
DA:649,1
DA:650,1
DA:651,1
DA:652,1
DA:653,1
DA:654,1
DA:655,1
DA:656,1
DA:657,1
DA:658,1
DA:659,1
DA:660,1
DA:661,1
DA:662,1
DA:663,1
DA:664,1
DA:665,1
DA:666,2
DA:667,2
DA:668,2
DA:669,0
DA:670,0
DA:671,0
DA:672,0
DA:673,0
DA:674,0
DA:675,2
DA:676,2
DA:677,2
DA:678,2
DA:679,2
DA:680,2
DA:681,2
DA:682,2
DA:683,2
DA:684,2
DA:685,2
DA:686,2
DA:687,2
DA:688,2
DA:689,2
DA:690,2
DA:691,2
DA:692,2
DA:693,2
DA:694,2
DA:695,2
DA:696,2
DA:697,2
DA:698,2
DA:699,1
DA:700,1
DA:701,1
DA:702,1
DA:703,1
DA:704,1
DA:705,1
DA:706,1
DA:707,1
DA:708,1
DA:709,1
DA:710,1
DA:711,1
DA:712,0
DA:713,0
DA:714,0
DA:715,1
DA:716,1
DA:717,1
DA:718,1
DA:719,1
DA:720,1
DA:721,1
DA:722,1
DA:723,1
DA:724,1
DA:725,1
DA:726,1
DA:727,1
DA:728,1
DA:729,1
DA:730,1
DA:731,1
DA:732,0
DA:733,0
DA:734,0
DA:735,0
DA:736,1
LF:736
LH:662
BRDA:27,0,0,10
BRDA:45,1,0,5
BRDA:45,2,0,5
BRDA:49,3,0,1
BRDA:53,4,0,1
BRDA:56,5,0,2
BRDA:61,6,0,6
BRDA:73,7,0,9
BRDA:75,8,0,3
BRDA:88,9,0,2
BRDA:89,10,0,1
BRDA:90,11,0,0
BRDA:100,12,0,0
BRDA:124,13,0,9
BRDA:124,14,0,1
BRDA:160,15,0,4
BRDA:179,16,0,3
BRDA:180,17,0,2
BRDA:181,18,0,1
BRDA:182,19,0,1
BRDA:162,20,0,7
BRDA:193,21,0,58
BRDA:195,22,0,118
BRDA:204,23,0,2
BRDA:206,24,0,4
BRDA:208,25,0,1
BRDA:210,26,0,1
BRDA:218,27,0,1
BRDA:220,28,0,1
BRDA:240,29,0,3
BRDA:242,30,0,2
BRDA:243,31,0,1
BRDA:253,32,0,1
BRDA:255,33,0,2
BRDA:255,34,0,0
BRDA:272,35,0,0
BRDA:276,36,0,3
BRDA:280,37,0,22
BRDA:283,38,0,1
BRDA:290,39,0,0
BRDA:299,40,0,4
BRDA:300,41,0,0
BRDA:319,42,0,10
BRDA:338,43,0,0
BRDA:357,44,0,4
BRDA:357,45,0,6
BRDA:363,46,0,5
BRDA:368,47,0,0
BRDA:372,48,0,5
BRDA:372,49,0,5
BRDA:373,50,0,5
BRDA:373,51,0,5
BRDA:377,52,0,0
BRDA:380,53,0,0
BRDA:383,54,0,0
BRDA:391,55,0,0
BRDA:392,56,0,5
BRDA:393,57,0,6
BRDA:394,58,0,5
BRDA:395,59,0,3
BRDA:436,60,0,2
BRDA:438,61,0,5
BRDA:440,62,0,5
BRDA:321,63,0,21
BRDA:397,64,0,2
BRDA:421,65,0,0
BRDA:405,66,0,1
BRDA:412,67,0,1
BRDA:441,68,0,2
BRDA:444,69,0,0
BRDA:453,70,0,7
BRDA:456,71,0,0
BRDA:468,72,0,24
BRDA:478,73,0,1
BRDA:480,74,0,2
BRDA:539,75,0,3
BRDA:555,76,0,1
BRDA:555,77,0,2
BRDA:561,78,0,1
BRDA:561,79,0,2
BRDA:569,80,0,1
BRDA:570,81,0,2
BRDA:541,82,0,5
BRDA:574,83,0,3
BRDA:575,84,0,3
BRDA:597,85,0,12
BRDA:605,86,0,5
BRDA:605,87,0,7
BRDA:608,88,0,0
BRDA:608,89,0,0
BRDA:611,90,0,0
BRDA:629,91,0,1
BRDA:639,92,0,0
BRDA:665,93,0,2
BRDA:668,94,0,0
BRDA:701,95,0,1
BRDA:711,96,0,0
BRDA:728,97,0,1
BRDA:731,98,0,0
BRF:99
BRH:77
end_of_record
TN:
SF:./code/backend/utils/chess/movesFunctions.js
FN:5,findBestMove
FN:11,stockfish.onmessage
FNF:2
FNH:2
FNDA:2,findBestMove
FNDA:74,stockfish.onmessage
DA:1,1
DA:2,1
DA:3,1
DA:4,1
DA:5,2
DA:6,2
DA:7,2
DA:8,2
DA:9,2
DA:10,2
DA:11,2
DA:12,74
DA:13,74
DA:14,74
DA:15,2
DA:16,2
DA:17,2
DA:18,2
DA:19,74
DA:20,2
DA:21,2
DA:22,2
DA:23,2
DA:24,2
DA:25,2
DA:26,0
DA:27,2
DA:28,2
DA:29,2
DA:30,2
DA:31,2
DA:32,2
DA:33,2
DA:34,1
DA:35,1
DA:36,2
DA:37,2
DA:38,2
DA:39,1
DA:40,1
LF:40
LH:39
BRDA:5,0,0,2
BRDA:6,1,0,2
BRDA:25,2,0,0
BRDA:11,3,0,74
BRDA:14,4,0,2
BRDA:32,5,0,2
BRDA:33,6,0,1
BRF:7
BRH:6
end_of_record
