TN:
SF:..\code\backend\config.js
FNF:0
FNH:0
DA:1,1
DA:2,1
DA:3,1
DA:4,1
DA:5,1
DA:6,1
DA:7,1
DA:8,1
DA:9,1
DA:10,1
DA:11,1
DA:12,1
DA:13,1
DA:14,1
DA:15,1
DA:16,1
DA:17,1
DA:18,1
DA:19,1
DA:20,1
DA:21,1
DA:22,1
DA:23,1
LF:23
LH:23
BRF:0
BRH:0
end_of_record
TN:
SF:..\code\backend\server.js
FN:82,startServer
FN:96,handleShutdown
FNF:2
FNH:1
FNDA:5,startServer
FNDA:0,handleShutdown
DA:1,1
DA:2,1
DA:3,1
DA:4,1
DA:5,1
DA:6,1
DA:7,1
DA:8,1
DA:9,1
DA:10,1
DA:11,1
DA:12,1
DA:13,1
DA:14,1
DA:15,1
DA:16,1
DA:17,1
DA:18,1
DA:19,1
DA:20,1
DA:21,1
DA:22,1
DA:23,1
DA:24,1
DA:25,1
DA:26,1
DA:27,1
DA:28,1
DA:29,1
DA:30,1
DA:31,1
DA:32,1
DA:33,1
DA:34,1
DA:35,1
DA:36,1
DA:37,1
DA:38,1
DA:39,1
DA:40,1
DA:41,1
DA:42,1
DA:43,1
DA:44,1
DA:45,1
DA:46,1
DA:47,1
DA:48,1
DA:49,1
DA:50,0
DA:51,1
DA:52,1
DA:53,1
DA:54,1
DA:55,1
DA:56,1
DA:57,0
DA:58,0
DA:59,0
DA:60,0
DA:61,0
DA:62,1
DA:63,1
DA:64,1
DA:65,1
DA:66,1
DA:67,1
DA:68,1
DA:69,1
DA:70,1
DA:71,1
DA:72,1
DA:73,1
DA:74,1
DA:75,1
DA:76,1
DA:77,1
DA:78,1
DA:79,1
DA:80,1
DA:81,1
DA:82,5
DA:83,5
DA:84,5
DA:85,5
DA:86,5
DA:87,5
DA:88,5
DA:89,1
DA:90,1
DA:91,1
DA:92,1
DA:93,1
DA:94,1
DA:95,1
DA:96,0
DA:97,0
DA:98,0
DA:99,0
DA:100,0
DA:101,0
DA:102,0
DA:103,1
DA:104,1
DA:105,1
DA:106,1
DA:107,1
DA:108,1
DA:109,1
DA:110,1
LF:110
LH:97
BRDA:29,0,0,0
BRDA:82,1,0,5
BRDA:83,2,0,5
BRF:3
BRH:2
end_of_record
TN:
SF:..\code\backend\middleware\authorization.js
FN:5,authenticateJWT
FN:30,nonBlockingAutheticateJWT
FNF:2
FNH:2
FNDA:40,authenticateJWT
FNDA:5,nonBlockingAutheticateJWT
DA:1,1
DA:2,1
DA:3,1
DA:4,1
DA:5,1
DA:6,40
DA:7,40
DA:8,40
DA:9,39
DA:10,39
DA:11,39
DA:12,39
DA:13,1
DA:14,1
DA:15,1
DA:16,1
DA:17,1
DA:18,38
DA:19,38
DA:20,38
DA:21,39
DA:22,40
DA:23,1
DA:24,1
DA:25,1
DA:26,1
DA:27,1
DA:28,40
DA:29,1
DA:30,1
DA:31,5
DA:32,5
DA:33,5
DA:34,1
DA:35,1
DA:36,1
DA:37,1
DA:38,0
DA:39,0
DA:40,0
DA:41,0
DA:42,0
DA:43,0
DA:44,1
DA:45,1
DA:46,1
DA:47,1
DA:48,5
DA:49,4
DA:50,4
DA:51,5
DA:52,1
DA:53,1
DA:54,1
DA:55,1
DA:56,1
LF:56
LH:50
BRDA:5,0,0,40
BRDA:8,1,0,39
BRDA:22,2,0,1
BRDA:11,3,0,39
BRDA:12,4,0,38
BRDA:12,5,0,1
BRDA:30,6,0,5
BRDA:33,7,0,1
BRDA:48,8,0,4
BRDA:36,9,0,1
BRDA:37,10,0,0
BRF:11
BRH:10
end_of_record
TN:
SF:..\code\backend\routes\account.js
FN:52,getAccountData
FNF:1
FNH:1
FNDA:1,getAccountData
DA:1,1
DA:2,1
DA:3,1
DA:4,1
DA:5,1
DA:6,1
DA:7,1
DA:8,1
DA:9,1
DA:10,1
DA:11,1
DA:12,1
DA:13,1
DA:14,1
DA:15,1
DA:16,1
DA:17,1
DA:18,1
DA:19,1
DA:20,1
DA:21,1
DA:22,1
DA:23,1
DA:24,1
DA:25,1
DA:26,1
DA:27,1
DA:28,0
DA:29,0
DA:30,0
DA:31,0
DA:32,0
DA:33,1
DA:34,1
DA:35,1
DA:36,1
DA:37,1
DA:38,1
DA:39,0
DA:40,0
DA:41,0
DA:42,0
DA:43,0
DA:44,0
DA:45,0
DA:46,0
DA:47,0
DA:48,0
DA:49,0
DA:50,1
DA:51,1
DA:52,1
DA:53,1
DA:54,1
DA:55,1
DA:56,1
DA:57,1
DA:58,1
DA:59,0
DA:60,0
DA:61,0
DA:62,0
DA:63,1
DA:64,1
DA:65,1
DA:66,1
DA:67,1
DA:68,1
DA:69,1
DA:70,1
DA:71,1
DA:72,1
DA:73,1
DA:74,1
DA:75,1
DA:76,1
DA:77,1
DA:78,1
DA:79,1
DA:80,1
DA:81,1
DA:82,1
DA:83,1
DA:84,1
DA:85,114
DA:86,26
DA:87,26
DA:88,26
DA:89,0
DA:90,0
DA:91,26
DA:92,26
DA:93,26
DA:94,26
DA:95,114
DA:96,83
DA:97,83
DA:98,83
DA:99,83
DA:100,0
DA:101,83
DA:102,0
DA:103,0
DA:104,83
DA:105,83
DA:106,1
DA:107,1
DA:108,1
DA:109,1
DA:110,1
DA:111,1
DA:112,1
DA:113,1
DA:114,1
DA:115,1
DA:116,1
DA:117,1
DA:118,114
DA:119,0
DA:120,0
DA:121,0
DA:122,0
DA:123,0
DA:124,0
DA:125,0
DA:126,0
DA:127,0
DA:128,0
DA:129,0
DA:130,0
DA:131,0
DA:132,0
DA:133,0
DA:134,0
DA:135,0
DA:136,0
DA:137,0
DA:138,0
DA:139,0
DA:140,0
DA:141,0
DA:142,0
DA:143,0
DA:144,0
DA:145,0
DA:146,0
DA:147,0
DA:148,0
DA:149,0
DA:150,0
DA:151,0
DA:152,0
DA:153,0
DA:154,0
DA:155,0
DA:156,0
DA:157,1
DA:158,1
DA:159,1
DA:160,1
DA:161,1
DA:162,1
DA:163,1
DA:164,1
DA:165,1
DA:166,1
DA:167,1
DA:168,1
DA:169,1
DA:170,1
DA:171,1
DA:172,1
DA:173,1
DA:174,1
DA:175,1
DA:176,1
DA:177,1
DA:178,1
DA:179,0
DA:180,0
DA:181,0
DA:182,0
DA:183,1
DA:184,1
DA:185,1
DA:186,1
DA:187,1
DA:188,1
DA:189,1
DA:190,1
DA:191,1
DA:192,1
DA:193,1
DA:194,1
DA:195,1
DA:196,1
DA:197,0
DA:198,0
DA:199,0
DA:200,0
DA:201,0
DA:202,1
DA:203,1
DA:204,1
DA:205,1
DA:206,1
DA:207,1
DA:208,1
DA:209,1
DA:210,0
DA:211,0
DA:212,0
DA:213,0
DA:214,0
DA:215,1
DA:216,1
DA:217,1
DA:218,1
DA:219,1
DA:220,1
DA:221,1
DA:222,1
DA:223,1
DA:224,1
DA:225,1
LF:225
LH:148
BRDA:23,0,0,1
BRDA:27,1,0,0
BRDA:52,2,0,1
BRDA:57,3,0,1
BRDA:58,4,0,0
BRDA:76,5,0,1
BRDA:170,6,0,0
BRDA:171,7,0,0
BRDA:84,8,0,114
BRDA:85,9,0,26
BRDA:88,10,0,0
BRDA:95,11,0,88
BRDA:95,12,0,83
BRDA:99,13,0,0
BRDA:101,14,0,0
BRDA:117,15,0,114
BRDA:118,16,0,0
BRDA:186,17,0,1
BRDA:196,18,0,0
BRDA:209,19,0,0
BRF:20
BRH:10
end_of_record
TN:
SF:..\code\backend\routes\diagnostic.js
FNF:0
FNH:0
DA:1,1
DA:2,1
DA:3,1
DA:4,1
DA:5,1
DA:6,1
DA:7,1
DA:8,1
DA:9,1
DA:10,1
DA:11,1
DA:12,1
DA:13,1
DA:14,1
DA:15,1
LF:15
LH:15
BRDA:6,0,0,1
BRDA:7,1,0,0
BRF:2
BRH:1
end_of_record
TN:
SF:..\code\backend\routes\kriegspiel.js
FN:15,resizeGame
FNF:1
FNH:1
FNDA:10,resizeGame
DA:1,1
DA:2,1
DA:3,1
DA:4,1
DA:5,1
DA:6,1
DA:7,1
DA:8,1
DA:9,1
DA:10,1
DA:11,1
DA:12,1
DA:13,1
DA:14,1
DA:15,10
DA:16,10
DA:17,10
DA:18,10
DA:19,10
DA:20,10
DA:21,10
DA:22,10
DA:23,10
DA:24,10
DA:25,10
DA:26,10
DA:27,10
DA:28,10
DA:29,10
DA:30,10
DA:31,10
DA:32,10
DA:33,10
DA:34,10
DA:35,10
DA:36,10
DA:37,10
DA:38,10
DA:39,1
DA:40,1
DA:41,2
DA:42,2
DA:43,2
DA:44,2
DA:45,2
DA:46,2
DA:47,2
DA:48,2
DA:49,2
DA:50,2
DA:51,2
DA:52,2
DA:53,2
DA:54,2
DA:55,2
DA:56,2
DA:57,2
DA:58,2
DA:59,2
DA:60,2
DA:61,1
DA:62,1
DA:63,1
DA:64,2
DA:65,2
DA:66,2
DA:67,2
DA:68,2
DA:69,2
DA:70,2
DA:71,2
DA:72,0
DA:73,0
DA:74,0
DA:75,0
DA:76,0
DA:77,2
DA:78,2
DA:79,2
DA:80,0
DA:81,0
DA:82,0
DA:83,0
DA:84,0
DA:85,2
DA:86,2
DA:87,2
DA:88,2
DA:89,2
DA:90,2
DA:91,2
DA:92,2
DA:93,1
DA:94,1
DA:95,1
DA:96,2
DA:97,2
DA:98,2
DA:99,2
DA:100,2
DA:101,2
DA:102,2
DA:103,2
DA:104,0
DA:105,0
DA:106,0
DA:107,0
DA:108,0
DA:109,2
DA:110,2
DA:111,2
DA:112,2
DA:113,2
DA:114,2
DA:115,2
DA:116,2
DA:117,2
DA:118,2
DA:119,1
DA:120,1
DA:121,1
DA:122,2
DA:123,2
DA:124,2
DA:125,2
DA:126,0
DA:127,0
DA:128,0
DA:129,0
DA:130,0
DA:131,2
DA:132,2
DA:133,2
DA:134,2
DA:135,0
DA:136,0
DA:137,0
DA:138,0
DA:139,0
DA:140,2
DA:141,2
DA:142,2
DA:143,2
DA:144,2
DA:145,2
DA:146,1
DA:147,1
DA:148,1
DA:149,1
DA:150,1
DA:151,1
DA:152,1
DA:153,1
DA:154,1
DA:155,1
DA:156,1
DA:157,1
DA:158,1
DA:159,1
DA:160,1
DA:161,1
DA:162,1
DA:163,1
DA:164,1
DA:165,2
DA:166,0
DA:167,0
DA:168,0
DA:169,0
DA:170,0
DA:171,0
DA:172,0
DA:173,0
DA:174,0
DA:175,0
DA:176,0
DA:177,0
DA:178,1
DA:179,1
DA:180,1
DA:181,1
DA:182,1
DA:183,1
DA:184,1
DA:185,1
DA:186,1
DA:187,2
DA:188,0
DA:189,0
DA:190,0
DA:191,0
DA:192,0
DA:193,0
DA:194,0
DA:195,0
DA:196,0
DA:197,0
DA:198,0
DA:199,0
DA:200,0
DA:201,0
DA:202,0
DA:203,0
DA:204,0
DA:205,0
DA:206,0
DA:207,0
DA:208,0
DA:209,0
DA:210,0
DA:211,0
DA:212,0
DA:213,0
DA:214,0
DA:215,0
DA:216,0
DA:217,0
DA:218,0
DA:219,0
DA:220,0
DA:221,0
DA:222,0
DA:223,0
DA:224,2
DA:225,0
DA:226,0
DA:227,0
DA:228,0
DA:229,0
DA:230,0
DA:231,0
DA:232,0
DA:233,0
DA:234,0
DA:235,0
DA:236,0
DA:237,0
DA:238,0
DA:239,0
DA:240,1
DA:241,1
DA:242,1
DA:243,1
DA:244,1
DA:245,1
DA:246,1
DA:247,1
DA:248,1
DA:249,1
DA:250,1
DA:251,1
DA:252,1
DA:253,1
DA:254,0
DA:255,0
DA:256,0
DA:257,0
DA:258,0
DA:259,1
DA:260,1
DA:261,1
DA:262,1
DA:263,1
DA:264,0
DA:265,1
DA:266,0
DA:267,0
DA:268,0
DA:269,0
DA:270,0
DA:271,1
DA:272,1
DA:273,1
DA:274,1
DA:275,1
DA:276,1
DA:277,0
DA:278,0
DA:279,1
DA:280,1
DA:281,1
DA:282,1
DA:283,1
DA:284,1
DA:285,1
DA:286,1
DA:287,1
DA:288,1
DA:289,1
DA:290,2
DA:291,2
DA:292,2
DA:293,2
DA:294,0
DA:295,0
DA:296,0
DA:297,0
DA:298,0
DA:299,2
DA:300,2
DA:301,2
DA:302,2
DA:303,0
DA:304,0
DA:305,0
DA:306,0
DA:307,0
DA:308,2
DA:309,0
DA:310,0
DA:311,0
DA:312,0
DA:313,0
DA:314,2
DA:315,0
DA:316,0
DA:317,0
DA:318,0
DA:319,0
DA:320,0
DA:321,2
DA:322,2
DA:323,2
DA:324,2
DA:325,2
DA:326,2
DA:327,2
DA:328,2
DA:329,1
DA:330,1
DA:331,1
DA:332,1
DA:333,1
DA:334,1
DA:335,1
DA:336,1
DA:337,1
DA:338,1
DA:339,1
DA:340,0
DA:341,0
DA:342,0
DA:343,0
DA:344,0
DA:345,1
DA:346,1
DA:347,1
DA:348,1
DA:349,1
DA:350,0
DA:351,1
DA:352,0
DA:353,0
DA:354,0
DA:355,0
DA:356,0
DA:357,1
DA:358,1
DA:359,1
DA:360,1
DA:361,1
DA:362,1
DA:363,1
DA:364,1
DA:365,1
DA:366,1
DA:367,1
DA:368,1
DA:369,1
DA:370,1
DA:371,0
DA:372,0
DA:373,0
DA:374,0
DA:375,0
DA:376,0
DA:377,0
DA:378,0
DA:379,0
DA:380,0
DA:381,0
DA:382,0
DA:383,0
DA:384,0
DA:385,0
DA:386,0
DA:387,0
DA:388,0
DA:389,0
DA:390,0
DA:391,0
DA:392,0
DA:393,1
DA:394,1
DA:395,1
LF:395
LH:240
BRDA:15,0,0,10
BRDA:40,1,0,2
BRDA:45,2,0,0
BRDA:63,3,0,2
BRDA:71,4,0,0
BRDA:79,5,0,0
BRDA:95,6,0,2
BRDA:103,7,0,0
BRDA:121,8,0,2
BRDA:125,9,0,0
BRDA:134,10,0,0
BRDA:141,11,0,0
BRDA:143,12,0,0
BRDA:144,13,0,1
BRDA:145,14,0,0
BRDA:145,15,0,1
BRDA:165,16,0,0
BRDA:177,17,0,1
BRDA:187,18,0,0
BRDA:224,19,0,0
BRDA:243,20,0,1
BRDA:253,21,0,0
BRDA:263,22,0,0
BRDA:265,23,0,0
BRDA:276,24,0,0
BRDA:289,25,0,2
BRDA:293,26,0,0
BRDA:301,27,0,0
BRDA:302,28,0,0
BRDA:308,29,0,0
BRDA:314,30,0,0
BRDA:331,31,0,1
BRDA:339,32,0,0
BRDA:349,33,0,0
BRDA:351,34,0,0
BRF:35
BRH:11
end_of_record
TN:
SF:..\code\backend\routes\leaderboard.js
FNF:0
FNH:0
DA:1,1
DA:2,1
DA:3,1
DA:4,1
DA:5,1
DA:6,1
DA:7,1
DA:8,1
DA:9,1
DA:10,1
DA:11,1
DA:12,1
DA:13,1
DA:14,1
DA:15,1
DA:16,1
DA:17,1
DA:18,1
DA:19,1
DA:20,1
DA:21,1
DA:22,1
DA:23,1
DA:24,0
DA:25,0
DA:26,0
DA:27,0
DA:28,0
DA:29,0
DA:30,0
DA:31,0
DA:32,0
DA:33,0
DA:34,0
DA:35,0
DA:36,0
DA:37,0
DA:38,0
DA:39,0
DA:40,0
DA:41,1
DA:42,1
DA:43,1
DA:44,1
DA:45,1
DA:46,1
DA:47,1
DA:48,0
DA:49,0
DA:50,0
DA:51,1
DA:52,1
DA:53,1
DA:54,1
DA:55,1
DA:56,1
DA:57,1
DA:58,1
DA:59,1
DA:60,1
DA:61,1
DA:62,1
DA:63,1
DA:64,1
DA:65,1
DA:66,0
DA:67,0
DA:68,0
DA:69,0
DA:70,0
DA:71,0
DA:72,0
DA:73,0
DA:74,0
DA:75,0
DA:76,0
DA:77,0
DA:78,0
DA:79,0
DA:80,0
DA:81,0
DA:82,0
DA:83,1
DA:84,1
DA:85,1
DA:86,1
DA:87,1
DA:88,1
DA:89,1
DA:90,0
DA:91,0
DA:92,0
DA:93,1
DA:94,1
DA:95,1
DA:96,1
DA:97,1
DA:98,1
DA:99,1
DA:100,1
DA:101,1
DA:102,1
DA:103,1
DA:104,1
DA:105,1
DA:106,1
DA:107,1
DA:108,1
DA:109,0
DA:110,0
DA:111,0
DA:112,0
DA:113,0
DA:114,0
DA:115,0
DA:116,0
DA:117,0
DA:118,0
DA:119,0
DA:120,0
DA:121,0
DA:122,0
DA:123,0
DA:124,0
DA:125,0
DA:126,1
DA:127,1
DA:128,1
DA:129,1
DA:130,1
DA:131,1
DA:132,1
DA:133,0
DA:134,0
DA:135,0
DA:136,1
DA:137,1
DA:138,1
DA:139,1
DA:140,1
DA:141,1
DA:142,1
DA:143,1
DA:144,1
DA:145,1
DA:146,1
DA:147,1
DA:148,1
DA:149,1
DA:150,1
DA:151,1
DA:152,1
DA:153,1
DA:154,1
DA:155,1
DA:156,1
DA:157,1
DA:158,1
DA:159,1
DA:160,1
DA:161,1
DA:162,1
DA:163,1
DA:164,1
DA:165,1
DA:166,1
DA:167,1
DA:168,1
DA:169,1
DA:170,1
DA:171,1
DA:172,1
DA:173,1
DA:174,1
DA:175,1
DA:176,1
DA:177,0
DA:178,0
DA:179,0
DA:180,0
DA:181,0
DA:182,0
DA:183,0
DA:184,0
DA:185,0
DA:186,0
DA:187,0
DA:188,0
DA:189,0
DA:190,0
DA:191,0
DA:192,0
DA:193,0
DA:194,0
DA:195,0
DA:196,0
DA:197,0
DA:198,1
DA:199,1
DA:200,1
DA:201,1
DA:202,1
DA:203,1
DA:204,1
DA:205,1
DA:206,1
DA:207,1
DA:208,0
DA:209,0
DA:210,0
DA:211,0
DA:212,0
DA:213,0
DA:214,1
DA:215,0
DA:216,0
DA:217,0
DA:218,1
DA:219,1
DA:220,1
LF:220
LH:130
BRDA:11,0,0,1
BRDA:23,1,0,0
BRDA:47,2,0,0
BRDA:44,3,0,10
BRDA:53,4,0,1
BRDA:65,5,0,0
BRDA:89,6,0,0
BRDA:86,7,0,10
BRDA:96,8,0,1
BRDA:108,9,0,0
BRDA:132,10,0,0
BRDA:129,11,0,10
BRDA:139,12,0,1
BRDA:176,13,0,0
BRDA:207,14,0,0
BRDA:214,15,0,0
BRF:16
BRH:7
end_of_record
TN:
SF:..\code\backend\routes\login.js
FN:9,logUser
FN:23,bcrypt.compare.then.reject.message
FNF:2
FNH:2
FNDA:11,logUser
FNDA:10,bcrypt.compare.then.reject.message
DA:1,1
DA:2,1
DA:3,1
DA:4,1
DA:5,1
DA:6,1
DA:7,1
DA:8,1
DA:9,11
DA:10,11
DA:11,11
DA:12,11
DA:13,11
DA:14,11
DA:15,11
DA:16,11
DA:17,11
DA:18,1
DA:19,1
DA:20,10
DA:21,10
DA:22,10
DA:23,10
DA:24,10
DA:25,0
DA:26,0
DA:27,10
DA:28,10
DA:29,10
DA:30,10
DA:31,10
DA:32,10
DA:33,0
DA:34,0
DA:35,0
DA:36,10
DA:37,10
DA:38,11
DA:39,0
DA:40,0
DA:41,11
DA:42,11
DA:43,0
DA:44,0
DA:45,0
DA:46,11
DA:47,11
DA:48,1
DA:49,1
DA:50,1
DA:51,1
DA:52,1
DA:53,1
DA:54,1
DA:55,1
DA:56,1
DA:57,1
DA:58,1
DA:59,1
DA:60,1
DA:61,1
DA:62,1
DA:63,1
DA:64,1
DA:65,1
DA:66,1
DA:67,12
DA:68,12
DA:69,11
DA:70,11
DA:71,11
DA:72,11
DA:73,11
DA:74,11
DA:75,10
DA:76,10
DA:77,10
DA:78,10
DA:79,10
DA:80,10
DA:81,10
DA:82,10
DA:83,10
DA:84,10
DA:85,10
DA:86,11
DA:87,1
DA:88,1
DA:89,1
DA:90,1
DA:91,11
DA:92,11
DA:93,12
DA:94,1
DA:95,1
DA:96,1
DA:97,1
DA:98,12
DA:99,1
DA:100,1
DA:101,1
LF:101
LH:91
BRDA:9,0,0,11
BRDA:10,1,0,11
BRDA:42,2,0,0
BRDA:16,3,0,11
BRDA:17,4,0,10
BRDA:17,5,0,1
BRDA:23,6,0,10
BRDA:24,7,0,0
BRDA:66,8,0,12
BRDA:68,9,0,11
BRDA:68,10,0,11
BRDA:93,11,0,1
BRDA:74,12,0,10
BRDA:86,13,0,1
BRF:14
BRH:12
end_of_record
TN:
SF:..\code\backend\routes\reallybadchess.js
FN:15,resizeGame
FNF:1
FNH:1
FNDA:28,resizeGame
DA:1,1
DA:2,1
DA:3,1
DA:4,1
DA:5,1
DA:6,1
DA:7,1
DA:8,1
DA:9,1
DA:10,1
DA:11,1
DA:12,1
DA:13,1
DA:14,1
DA:15,28
DA:16,28
DA:17,28
DA:18,28
DA:19,28
DA:20,28
DA:21,28
DA:22,28
DA:23,28
DA:24,28
DA:25,28
DA:26,28
DA:27,28
DA:28,28
DA:29,28
DA:30,28
DA:31,28
DA:32,28
DA:33,28
DA:34,28
DA:35,28
DA:36,28
DA:37,28
DA:38,28
DA:39,1
DA:40,1
DA:41,1
DA:42,1
DA:43,1
DA:44,1
DA:45,1
DA:46,1
DA:47,1
DA:48,1
DA:49,1
DA:50,3
DA:51,3
DA:52,3
DA:53,3
DA:54,3
DA:55,3
DA:56,3
DA:57,3
DA:58,3
DA:59,2
DA:60,2
DA:61,3
DA:62,3
DA:63,3
DA:64,3
DA:65,3
DA:66,3
DA:67,3
DA:68,2
DA:69,2
DA:70,2
DA:71,2
DA:72,2
DA:73,2
DA:74,2
DA:75,2
DA:76,2
DA:77,2
DA:78,3
DA:79,3
DA:80,3
DA:81,3
DA:82,3
DA:83,3
DA:84,3
DA:85,3
DA:86,3
DA:87,3
DA:88,3
DA:89,3
DA:90,3
DA:91,1
DA:92,1
DA:93,1
DA:94,1
DA:95,1
DA:96,1
DA:97,1
DA:98,1
DA:99,1
DA:100,1
DA:101,1
DA:102,0
DA:103,0
DA:104,0
DA:105,0
DA:106,0
DA:107,1
DA:108,1
DA:109,1
DA:110,0
DA:111,0
DA:112,0
DA:113,0
DA:114,0
DA:115,1
DA:116,1
DA:117,1
DA:118,1
DA:119,1
DA:120,1
DA:121,1
DA:122,1
DA:123,1
DA:124,1
DA:125,1
DA:126,9
DA:127,9
DA:128,9
DA:129,9
DA:130,9
DA:131,9
DA:132,9
DA:133,0
DA:134,0
DA:135,0
DA:136,0
DA:137,0
DA:138,9
DA:139,9
DA:140,9
DA:141,9
DA:142,9
DA:143,9
DA:144,9
DA:145,9
DA:146,1
DA:147,1
DA:148,1
DA:149,6
DA:150,6
DA:151,6
DA:152,6
DA:153,6
DA:154,6
DA:155,6
DA:156,6
DA:157,0
DA:158,0
DA:159,0
DA:160,0
DA:161,0
DA:162,6
DA:163,6
DA:164,6
DA:165,6
DA:166,6
DA:167,2
DA:168,6
DA:169,0
DA:170,0
DA:171,0
DA:172,0
DA:173,0
DA:174,6
DA:175,6
DA:176,6
DA:177,6
DA:178,6
DA:179,4
DA:180,6
DA:181,2
DA:182,2
DA:183,6
DA:184,6
DA:185,6
DA:186,6
DA:187,6
DA:188,6
DA:189,6
DA:190,6
DA:191,6
DA:192,6
DA:193,6
DA:194,0
DA:195,0
DA:196,0
DA:197,0
DA:198,0
DA:199,0
DA:200,6
DA:201,6
DA:202,6
DA:203,6
DA:204,6
DA:205,6
DA:206,6
DA:207,6
DA:208,6
DA:209,6
DA:210,6
DA:211,6
DA:212,6
DA:213,6
DA:214,6
DA:215,6
DA:216,6
DA:217,0
DA:218,0
DA:219,0
DA:220,0
DA:221,0
DA:222,6
DA:223,0
DA:224,0
DA:225,0
DA:226,0
DA:227,0
DA:228,0
DA:229,0
DA:230,0
DA:231,0
DA:232,0
DA:233,0
DA:234,0
DA:235,0
DA:236,0
DA:237,0
DA:238,1
DA:239,1
DA:240,1
DA:241,2
DA:242,2
DA:243,2
DA:244,2
DA:245,2
DA:246,2
DA:247,2
DA:248,2
DA:249,0
DA:250,0
DA:251,0
DA:252,0
DA:253,0
DA:254,2
DA:255,2
DA:256,2
DA:257,2
DA:258,2
DA:259,0
DA:260,2
DA:261,0
DA:262,0
DA:263,0
DA:264,0
DA:265,0
DA:266,2
DA:267,2
DA:268,2
DA:269,2
DA:270,2
DA:271,2
DA:272,2
DA:273,2
DA:274,0
DA:275,0
DA:276,2
DA:277,2
DA:278,2
DA:279,2
DA:280,2
DA:281,2
DA:282,1
DA:283,2
DA:284,1
DA:285,1
DA:286,2
DA:287,1
DA:288,1
DA:289,1
DA:290,1
DA:291,1
DA:292,1
DA:293,1
DA:294,1
DA:295,1
DA:296,1
DA:297,1
DA:298,1
DA:299,1
DA:300,1
DA:301,1
DA:302,1
DA:303,1
DA:304,1
DA:305,2
DA:306,0
DA:307,0
DA:308,0
DA:309,0
DA:310,0
DA:311,1
DA:312,1
DA:313,1
DA:314,2
DA:315,2
DA:316,2
DA:317,2
DA:318,2
DA:319,2
DA:320,2
DA:321,2
DA:322,2
DA:323,2
DA:324,0
DA:325,0
DA:326,0
DA:327,0
DA:328,0
DA:329,2
DA:330,2
DA:331,2
DA:332,2
DA:333,2
DA:334,2
DA:335,2
DA:336,1
DA:337,1
DA:338,1
DA:339,1
DA:340,1
DA:341,1
DA:342,1
DA:343,1
DA:344,2
DA:345,0
DA:346,2
DA:347,1
DA:348,1
DA:349,1
DA:350,1
DA:351,1
DA:352,1
DA:353,1
DA:354,1
DA:355,1
DA:356,1
DA:357,1
DA:358,1
DA:359,1
DA:360,1
DA:361,1
DA:362,1
DA:363,1
DA:364,1
DA:365,1
DA:366,1
DA:367,1
DA:368,1
DA:369,1
DA:370,1
DA:371,1
DA:372,1
DA:373,0
DA:374,0
DA:375,0
DA:376,0
DA:377,0
DA:378,1
DA:379,1
DA:380,1
DA:381,1
DA:382,1
DA:383,0
DA:384,1
DA:385,0
DA:386,0
DA:387,0
DA:388,0
DA:389,0
DA:390,1
DA:391,1
DA:392,1
DA:393,1
DA:394,1
DA:395,1
DA:396,1
DA:397,1
DA:398,1
DA:399,1
DA:400,1
DA:401,1
DA:402,1
DA:403,1
DA:404,1
DA:405,1
DA:406,0
DA:407,0
DA:408,0
DA:409,0
DA:410,0
DA:411,1
DA:412,1
DA:413,1
DA:414,1
DA:415,1
DA:416,1
DA:417,1
DA:418,1
DA:419,0
DA:420,0
DA:421,0
DA:422,0
DA:423,0
DA:424,0
DA:425,1
DA:426,1
DA:427,1
LF:427
LH:330
BRDA:15,0,0,28
BRDA:41,1,0,1
BRDA:49,2,0,3
BRDA:54,3,0,0
BRDA:58,4,0,2
BRDA:67,5,0,2
BRDA:76,6,0,0
BRDA:93,7,0,1
BRDA:101,8,0,0
BRDA:109,9,0,0
BRDA:125,10,0,9
BRDA:132,11,0,0
BRDA:148,12,0,6
BRDA:156,13,0,0
BRDA:166,14,0,2
BRDA:168,15,0,0
BRDA:178,16,0,4
BRDA:180,17,0,2
BRDA:188,18,0,2
BRDA:190,19,0,4
BRDA:192,20,0,0
BRDA:193,21,0,0
BRDA:216,22,0,0
BRDA:222,23,0,0
BRDA:240,24,0,2
BRDA:248,25,0,0
BRDA:258,26,0,0
BRDA:260,27,0,0
BRDA:273,28,0,0
BRDA:281,29,0,1
BRDA:281,30,0,1
BRDA:283,31,0,1
BRDA:285,32,0,0
BRDA:286,33,0,1
BRDA:305,34,0,0
BRDA:313,35,0,2
BRDA:323,36,0,0
BRDA:335,37,0,1
BRDA:344,38,0,0
BRDA:346,39,0,1
BRDA:361,40,0,1
BRDA:372,41,0,0
BRDA:382,42,0,0
BRDA:384,43,0,0
BRDA:402,44,0,1
BRDA:405,45,0,0
BRDA:418,46,0,0
BRF:47
BRH:23
end_of_record
TN:
SF:..\code\backend\routes\registration.js
FN:9,registerUser
FNF:1
FNH:1
FNDA:2,registerUser
DA:1,1
DA:2,1
DA:3,1
DA:4,1
DA:5,1
DA:6,1
DA:7,1
DA:8,1
DA:9,2
DA:10,2
DA:11,2
DA:12,2
DA:13,2
DA:14,2
DA:15,2
DA:16,2
DA:17,2
DA:18,2
DA:19,2
DA:20,2
DA:21,2
DA:22,2
DA:23,2
DA:24,2
DA:25,2
DA:26,2
DA:27,2
DA:28,2
DA:29,2
DA:30,2
DA:31,0
DA:32,0
DA:33,0
DA:34,0
DA:35,0
DA:36,0
DA:37,0
DA:38,0
DA:39,0
DA:40,0
DA:41,0
DA:42,0
DA:43,0
DA:44,0
DA:45,0
DA:46,0
DA:47,0
DA:48,0
DA:49,0
DA:50,0
DA:51,0
DA:52,0
DA:53,0
DA:54,0
DA:55,0
DA:56,0
DA:57,0
DA:58,0
DA:59,0
DA:60,2
DA:61,0
DA:62,0
DA:63,0
DA:64,0
DA:65,0
DA:66,2
DA:67,2
DA:68,0
DA:69,0
DA:70,0
DA:71,0
DA:72,0
DA:73,2
DA:74,2
DA:75,0
DA:76,0
DA:77,0
DA:78,0
DA:79,0
DA:80,0
DA:81,2
DA:82,2
DA:83,1
DA:84,1
DA:85,1
DA:86,1
DA:87,1
DA:88,1
DA:89,1
DA:90,1
DA:91,1
DA:92,1
DA:93,1
DA:94,1
DA:95,1
DA:96,1
DA:97,1
DA:98,1
DA:99,1
DA:100,1
DA:101,3
DA:102,3
DA:103,2
DA:104,2
DA:105,2
DA:106,2
DA:107,2
DA:108,2
DA:109,2
DA:110,0
DA:111,0
DA:112,0
DA:113,0
DA:114,0
DA:115,0
DA:116,0
DA:117,0
DA:118,0
DA:119,0
DA:120,0
DA:121,0
DA:122,0
DA:123,0
DA:124,2
DA:125,2
DA:126,2
DA:127,2
DA:128,2
DA:129,2
DA:130,3
DA:131,1
DA:132,1
DA:133,1
DA:134,3
DA:135,1
DA:136,1
DA:137,1
LF:137
LH:78
BRDA:9,0,0,2
BRDA:10,1,0,2
BRDA:74,2,0,0
BRDA:13,3,0,2
BRDA:17,4,0,2
BRDA:30,5,0,0
BRDA:100,6,0,3
BRDA:102,7,0,2
BRDA:102,8,0,2
BRDA:130,9,0,1
BRDA:124,10,0,2
BRF:11
BRH:9
end_of_record
TN:
SF:..\code\backend\routes\webpages.js
FNF:0
FNH:0
DA:1,1
DA:2,1
DA:3,1
DA:4,1
DA:5,1
DA:6,1
DA:7,1
DA:8,1
DA:9,1
DA:10,1
DA:11,4
DA:12,1
DA:13,1
DA:14,1
DA:15,1
DA:16,1
LF:16
LH:16
BRDA:10,0,0,4
BRF:1
BRH:1
end_of_record
TN:
SF:..\code\backend\utils\dbmanagement.js
FN:26,connectToDatabase
FN:48,disconnectFromDatabase
FN:75,ensureDbAndCollectionsExist
FN:115,checkAndCreateComputerUser
FNF:4
FNH:3
FNDA:5,connectToDatabase
FNDA:0,disconnectFromDatabase
FNDA:5,ensureDbAndCollectionsExist
FNDA:5,checkAndCreateComputerUser
DA:1,1
DA:2,1
DA:3,1
DA:4,1
DA:5,1
DA:6,1
DA:7,1
DA:8,1
DA:9,1
DA:10,1
DA:11,1
DA:12,1
DA:13,1
DA:14,1
DA:15,1
DA:16,1
DA:17,1
DA:18,1
DA:19,1
DA:20,1
DA:21,1
DA:22,1
DA:23,1
DA:24,1
DA:25,1
DA:26,5
DA:27,5
DA:28,5
DA:29,5
DA:30,5
DA:31,5
DA:32,5
DA:33,5
DA:34,5
DA:35,5
DA:36,0
DA:37,0
DA:38,0
DA:39,0
DA:40,0
DA:41,0
DA:42,0
DA:43,0
DA:44,0
DA:45,5
DA:46,1
DA:47,1
DA:48,0
DA:49,0
DA:50,0
DA:51,0
DA:52,0
DA:53,0
DA:54,0
DA:55,0
DA:56,1
DA:57,1
DA:58,1
DA:59,0
DA:60,0
DA:61,0
DA:62,0
DA:63,0
DA:64,0
DA:65,0
DA:66,0
DA:67,1
DA:68,1
DA:69,1
DA:70,1
DA:71,1
DA:72,1
DA:73,1
DA:74,1
DA:75,5
DA:76,5
DA:77,5
DA:78,5
DA:79,5
DA:80,5
DA:81,5
DA:82,5
DA:83,5
DA:84,5
DA:85,5
DA:86,0
DA:87,0
DA:88,0
DA:89,0
DA:90,5
DA:91,5
DA:92,5
DA:93,5
DA:94,5
DA:95,10
DA:96,0
DA:97,0
DA:98,0
DA:99,10
DA:100,5
DA:101,5
DA:102,5
DA:103,0
DA:104,0
DA:105,0
DA:106,0
DA:107,0
DA:108,5
DA:109,5
DA:110,5
DA:111,1
DA:112,1
DA:113,1
DA:114,1
DA:115,5
DA:116,5
DA:117,5
DA:118,5
DA:119,5
DA:120,5
DA:121,5
DA:122,5
DA:123,3
DA:124,3
DA:125,0
DA:126,0
DA:127,0
DA:128,0
DA:129,0
DA:130,0
DA:131,0
DA:132,0
DA:133,0
DA:134,0
DA:135,0
DA:136,3
DA:137,3
DA:138,3
DA:139,5
DA:140,0
DA:141,0
DA:142,5
DA:143,1
DA:144,1
DA:145,1
DA:146,1
DA:147,1
DA:148,1
DA:149,1
DA:150,1
LF:150
LH:100
BRDA:26,0,0,5
BRDA:35,1,0,0
BRDA:75,2,0,5
BRDA:85,3,0,0
BRDA:94,4,0,10
BRDA:95,5,0,0
BRDA:102,6,0,0
BRDA:92,7,0,15
BRDA:115,8,0,5
BRDA:122,9,0,3
BRDA:124,10,0,0
BRDA:139,11,0,0
BRF:12
BRH:6
end_of_record
TN:
SF:..\code\backend\utils\chess\boardFunctions.js
FN:19,findChessPiecesWithRank
FN:106,getRandomPieceValue
FN:114,calculateMedian
FN:119,filterPieces
FN:127,getDefaultFilteredPieces
FN:133,handleSpecialCase
FN:147,calculatePieceWeights
FN:154,calculateTotalWeight
FN:159,getRandomValue
FN:165,selectPiece
FN:184,weightFunction
FN:202,generateBoard
FN:347,generateBoardWithSeed
FN:486,generateSeed
FN:506,calculateRanks
FN:517,getPiecePosition
FN:536,cloneChessBoard
FNF:17
FNH:16
FNDA:31,findChessPiecesWithRank
FNDA:32,getRandomPieceValue
FNDA:32,calculateMedian
FNDA:466,filterPieces
FNDA:175,getDefaultFilteredPieces
FNDA:466,handleSpecialCase
FNDA:466,calculatePieceWeights
FNDA:466,calculateTotalWeight
FNDA:1,getRandomValue
FNDA:466,selectPiece
FNDA:867,weightFunction
FNDA:3,generateBoard
FNDA:12,generateBoardWithSeed
FNDA:12,generateSeed
FNDA:18,calculateRanks
FNDA:1,getPiecePosition
FNDA:0,cloneChessBoard
DA:1,1
DA:2,1
DA:3,1
DA:4,1
DA:5,1
DA:6,1
DA:7,1
DA:8,1
DA:9,1
DA:10,1
DA:11,1
DA:12,1
DA:13,1
DA:14,1
DA:15,1
DA:16,1
DA:17,1
DA:18,1
DA:19,31
DA:20,31
DA:21,31
DA:22,31
DA:23,31
DA:24,31
DA:25,31
DA:26,31
DA:27,31
DA:28,31
DA:29,31
DA:30,31
DA:31,31
DA:32,31
DA:33,31
DA:34,31
DA:35,31
DA:36,248
DA:37,248
DA:38,248
DA:39,248
DA:40,248
DA:41,117
DA:42,117
DA:43,248
DA:44,248
DA:45,248
DA:46,248
DA:47,248
DA:48,248
DA:49,248
DA:50,248
DA:51,248
DA:52,248
DA:53,248
DA:54,248
DA:55,248
DA:56,248
DA:57,248
DA:58,248
DA:59,248
DA:60,248
DA:61,248
DA:62,248
DA:63,98
DA:64,248
DA:65,248
DA:66,248
DA:67,31
DA:68,31
DA:69,31
DA:70,31
DA:71,31
DA:72,31
DA:73,31
DA:74,31
DA:75,31
DA:76,31
DA:77,217
DA:78,217
DA:79,217
DA:80,57
DA:81,57
DA:82,217
DA:83,217
DA:84,217
DA:85,217
DA:86,217
DA:87,217
DA:88,217
DA:89,217
DA:90,217
DA:91,217
DA:92,217
DA:93,217
DA:94,217
DA:95,217
DA:96,217
DA:97,130
DA:98,217
DA:99,217
DA:100,217
DA:101,31
DA:102,31
DA:103,31
DA:104,1
DA:105,1
DA:106,32
DA:107,32
DA:108,32
DA:109,32
DA:110,32
DA:111,32
DA:112,32
DA:113,1
DA:114,32
DA:115,32
DA:116,32
DA:117,1
DA:118,1
DA:119,466
DA:120,466
DA:121,1865
DA:122,1140
DA:123,725
DA:124,466
DA:125,466
DA:126,1
DA:127,175
DA:128,175
DA:129,0
DA:130,175
DA:131,175
DA:132,1
DA:133,466
DA:134,466
DA:135,379
DA:136,379
DA:137,379
DA:138,379
DA:139,218
DA:140,379
DA:141,379
DA:142,379
DA:143,466
DA:144,466
DA:145,1
DA:146,1
DA:147,466
DA:148,466
DA:149,866
DA:150,466
DA:151,466
DA:152,1
DA:153,1
DA:154,466
DA:155,466
DA:156,466
DA:157,1
DA:158,1
DA:159,1
DA:160,1
DA:161,1
DA:162,1
DA:163,1
DA:164,1
DA:165,466
DA:166,466
DA:167,466
DA:168,466
DA:169,466
DA:170,14
DA:171,14
DA:172,466
DA:173,466
DA:174,633
DA:175,633
DA:176,334
DA:177,334
DA:178,334
DA:179,633
DA:180,466
DA:181,466
DA:182,1
DA:183,1
DA:184,867
DA:185,867
DA:186,867
DA:187,867
DA:188,867
DA:189,867
DA:190,1
DA:191,1
DA:192,1
DA:193,1
DA:194,1
DA:195,1
DA:196,1
DA:197,1
DA:198,1
DA:199,1
DA:200,1
DA:201,1
DA:202,3
DA:203,3
DA:204,3
DA:205,3
DA:206,3
DA:207,3
DA:208,3
DA:209,3
DA:210,3
DA:211,3
DA:212,3
DA:213,3
DA:214,3
DA:215,3
DA:216,3
DA:217,3
DA:218,3
DA:219,3
DA:220,3
DA:221,3
DA:222,3
DA:223,3
DA:224,3
DA:225,3
DA:226,3
DA:227,3
DA:228,3
DA:229,3
DA:230,3
DA:231,3
DA:232,3
DA:233,3
DA:234,3
DA:235,3
DA:236,3
DA:237,3
DA:238,3
DA:239,3
DA:240,3
DA:241,3
DA:242,3
DA:243,3
DA:244,3
DA:245,3
DA:246,3
DA:247,3
DA:248,3
DA:249,3
DA:250,3
DA:251,3
DA:252,3
DA:253,1
DA:254,1
DA:255,1
DA:256,1
DA:257,1
DA:258,1
DA:259,1
DA:260,1
DA:261,1
DA:262,3
DA:263,3
DA:264,3
DA:265,3
DA:266,3
DA:267,0
DA:268,0
DA:269,0
DA:270,0
DA:271,0
DA:272,0
DA:273,0
DA:274,0
DA:275,0
DA:276,0
DA:277,0
DA:278,3
DA:279,3
DA:280,3
DA:281,3
DA:282,44
DA:283,44
DA:284,44
DA:285,44
DA:286,44
DA:287,44
DA:288,44
DA:289,44
DA:290,44
DA:291,3
DA:292,3
DA:293,3
DA:294,3
DA:295,3
DA:296,2
DA:297,2
DA:298,2
DA:299,2
DA:300,2
DA:301,2
DA:302,2
DA:303,2
DA:304,2
DA:305,3
DA:306,3
DA:307,3
DA:308,3
DA:309,3
DA:310,7
DA:311,7
DA:312,7
DA:313,7
DA:314,7
DA:315,7
DA:316,7
DA:317,7
DA:318,7
DA:319,7
DA:320,7
DA:321,3
DA:322,3
DA:323,3
DA:324,3
DA:325,36
DA:326,36
DA:327,36
DA:328,36
DA:329,36
DA:330,36
DA:331,36
DA:332,36
DA:333,36
DA:334,3
DA:335,3
DA:336,3
DA:337,3
DA:338,3
DA:339,1
DA:340,1
DA:341,1
DA:342,1
DA:343,1
DA:344,1
DA:345,1
DA:346,1
DA:347,12
DA:348,12
DA:349,12
DA:350,12
DA:351,12
DA:352,12
DA:353,12
DA:354,12
DA:355,12
DA:356,12
DA:357,12
DA:358,12
DA:359,12
DA:360,12
DA:361,12
DA:362,12
DA:363,12
DA:364,12
DA:365,12
DA:366,12
DA:367,12
DA:368,12
DA:369,12
DA:370,12
DA:371,12
DA:372,12
DA:373,12
DA:374,12
DA:375,12
DA:376,12
DA:377,12
DA:378,12
DA:379,12
DA:380,12
DA:381,12
DA:382,12
DA:383,12
DA:384,12
DA:385,12
DA:386,12
DA:387,12
DA:388,12
DA:389,12
DA:390,12
DA:391,12
DA:392,12
DA:393,12
DA:394,12
DA:395,12
DA:396,12
DA:397,12
DA:398,12
DA:399,12
DA:400,2
DA:401,2
DA:402,2
DA:403,2
DA:404,2
DA:405,2
DA:406,2
DA:407,2
DA:408,2
DA:409,12
DA:410,12
DA:411,12
DA:412,12
DA:413,12
DA:414,28
DA:415,28
DA:416,28
DA:417,28
DA:418,28
DA:419,28
DA:420,28
DA:421,28
DA:422,28
DA:423,28
DA:424,28
DA:425,12
DA:426,12
DA:427,12
DA:428,12
DA:429,150
DA:430,150
DA:431,150
DA:432,150
DA:433,150
DA:434,150
DA:435,150
DA:436,150
DA:437,150
DA:438,12
DA:439,12
DA:440,12
DA:441,12
DA:442,12
DA:443,7
DA:444,7
DA:445,7
DA:446,7
DA:447,7
DA:448,7
DA:449,7
DA:450,7
DA:451,7
DA:452,12
DA:453,12
DA:454,12
DA:455,12
DA:456,12
DA:457,28
DA:458,28
DA:459,28
DA:460,28
DA:461,28
DA:462,28
DA:463,28
DA:464,28
DA:465,28
DA:466,28
DA:467,28
DA:468,12
DA:469,12
DA:470,12
DA:471,145
DA:472,145
DA:473,145
DA:474,145
DA:475,145
DA:476,145
DA:477,145
DA:478,145
DA:479,145
DA:480,12
DA:481,12
DA:482,12
DA:483,12
DA:484,1
DA:485,1
DA:486,12
DA:487,12
DA:488,12
DA:489,5
DA:490,5
DA:491,5
DA:492,5
DA:493,5
DA:494,5
DA:495,5
DA:496,5
DA:497,5
DA:498,5
DA:499,5
DA:500,5
DA:501,5
DA:502,7
DA:503,7
DA:504,1
DA:505,1
DA:506,18
DA:507,18
DA:508,18
DA:509,18
DA:510,18
DA:511,18
DA:512,18
DA:513,18
DA:514,18
DA:515,1
DA:516,1
DA:517,1
DA:518,1
DA:519,1
DA:520,1
DA:521,1
DA:522,64
DA:523,8
DA:524,8
DA:525,64
DA:526,1
DA:527,1
DA:528,1
DA:529,8
DA:530,8
DA:531,8
DA:532,1
DA:533,1
DA:534,1
DA:535,1
DA:536,1
DA:537,0
DA:538,0
DA:539,1
DA:540,1
DA:541,1
DA:542,1
DA:543,1
DA:544,1
DA:545,1
DA:546,1
DA:547,1
DA:548,1
DA:549,1
DA:550,1
DA:551,1
DA:552,1
DA:553,1
DA:554,1
DA:555,1
DA:556,1
DA:557,1
LF:557
LH:543
BRDA:19,0,0,31
BRDA:35,1,0,248
BRDA:40,2,0,117
BRDA:56,3,0,56
BRDA:56,4,0,192
BRDA:63,5,0,98
BRDA:64,6,0,150
BRDA:76,7,0,217
BRDA:79,8,0,57
BRDA:92,9,0,49
BRDA:92,10,0,168
BRDA:97,11,0,130
BRDA:98,12,0,87
BRDA:106,13,0,32
BRDA:109,14,0,7
BRDA:109,15,0,25
BRDA:114,16,0,32
BRDA:119,17,0,466
BRDA:120,18,0,1865
BRDA:122,19,0,1140
BRDA:123,20,0,725
BRDA:127,21,0,175
BRDA:129,22,0,0
BRDA:133,23,0,466
BRDA:134,24,0,379
BRDA:136,25,0,87
BRDA:136,26,0,292
BRDA:139,27,0,218
BRDA:140,28,0,161
BRDA:134,29,0,490
BRDA:135,30,0,1027
BRDA:147,31,0,466
BRDA:148,32,0,866
BRDA:154,33,0,466
BRDA:155,34,0,866
BRDA:159,35,0,1
BRDA:161,36,0,0
BRDA:165,37,0,466
BRDA:169,38,0,14
BRDA:169,39,0,14
BRDA:173,40,0,633
BRDA:175,41,0,334
BRDA:184,42,0,867
BRDA:202,43,0,3
BRDA:281,44,0,44
BRDA:324,45,0,36
BRDA:251,46,0,45
BRDA:252,47,0,1
BRDA:253,48,0,15
BRDA:258,49,0,8
BRDA:265,50,0,44
BRDA:294,51,0,45
BRDA:295,52,0,2
BRDA:296,53,0,30
BRDA:301,54,0,9
BRDA:308,55,0,43
BRDA:309,56,0,7
BRDA:310,57,0,84
BRDA:316,58,0,63
BRDA:347,59,0,12
BRDA:352,60,0,0
BRDA:428,61,0,150
BRDA:430,62,0,0
BRDA:470,63,0,145
BRDA:472,64,0,0
BRDA:398,65,0,180
BRDA:399,66,0,2
BRDA:401,67,0,0
BRDA:400,68,0,29
BRDA:405,69,0,7
BRDA:412,70,0,178
BRDA:413,71,0,28
BRDA:416,72,0,0
BRDA:414,73,0,336
BRDA:420,74,0,252
BRDA:441,75,0,180
BRDA:442,76,0,7
BRDA:444,77,0,0
BRDA:443,78,0,105
BRDA:448,79,0,14
BRDA:455,80,0,173
BRDA:456,81,0,28
BRDA:459,82,0,0
BRDA:457,83,0,336
BRDA:463,84,0,252
BRDA:486,85,0,12
BRDA:488,86,0,5
BRDA:501,87,0,7
BRDA:506,88,0,18
BRDA:508,89,0,3
BRDA:508,90,0,15
BRDA:508,91,0,0
BRDA:517,92,0,1
BRDA:521,93,0,64
BRDA:522,94,0,32
BRDA:522,95,0,16
BRDA:522,96,0,8
BRDA:528,97,0,8
BRF:98
BRH:88
end_of_record
TN:
SF:..\code\backend\utils\chess\chessgames.js
FN:27,createNewGameWithSettings
FN:160,joinGame
FN:193,getGame
FN:204,getEmptyGames
FN:218,getKEmptyGames
FN:240,handleGameOver
FN:276,checkThreefoldRepetition
FN:299,checkFiftyMoveRule
FN:319,movePiece
FN:478,undoMove
FN:539,saveGame
FN:597,calculateEloChange
FN:629,changeElo
FN:665,changeEloKriegspiel
FN:701,calculateRankDiff
FN:711,changeRank
FNF:16
FNH:13
FNDA:9,createNewGameWithSettings
FNDA:4,joinGame
FNDA:40,getGame
FNDA:2,getEmptyGames
FNDA:0,getKEmptyGames
FNDA:3,handleGameOver
FNDA:3,checkThreefoldRepetition
FNDA:3,checkFiftyMoveRule
FNDA:9,movePiece
FNDA:1,undoMove
FNDA:3,saveGame
FNDA:12,calculateEloChange
FNDA:1,changeElo
FNDA:2,changeEloKriegspiel
FNDA:0,calculateRankDiff
FNDA:0,changeRank
DA:1,1
DA:2,1
DA:3,1
DA:4,1
DA:5,1
DA:6,1
DA:7,1
DA:8,1
DA:9,1
DA:10,1
DA:11,1
DA:12,1
DA:13,1
DA:14,1
DA:15,1
DA:16,1
DA:17,1
DA:18,1
DA:19,1
DA:20,1
DA:21,1
DA:22,1
DA:23,1
DA:24,1
DA:25,1
DA:26,1
DA:27,1
DA:28,9
DA:29,9
DA:30,9
DA:31,9
DA:32,9
DA:33,9
DA:34,9
DA:35,9
DA:36,9
DA:37,9
DA:38,9
DA:39,9
DA:40,9
DA:41,9
DA:42,9
DA:43,9
DA:44,9
DA:45,9
DA:46,9
DA:47,9
DA:48,9
DA:49,9
DA:50,0
DA:51,0
DA:52,0
DA:53,9
DA:54,1
DA:55,1
DA:56,9
DA:57,2
DA:58,2
DA:59,2
DA:60,2
DA:61,9
DA:62,6
DA:63,6
DA:64,9
DA:65,9
DA:66,9
DA:67,9
DA:68,9
DA:69,9
DA:70,9
DA:71,9
DA:72,9
DA:73,9
DA:74,8
DA:75,9
DA:76,3
DA:77,3
DA:78,3
DA:79,3
DA:80,3
DA:81,3
DA:82,3
DA:83,3
DA:84,3
DA:85,3
DA:86,3
DA:87,3
DA:88,2
DA:89,1
DA:90,3
DA:91,3
DA:92,3
DA:93,3
DA:94,3
DA:95,3
DA:96,3
DA:97,3
DA:98,3
DA:99,3
DA:100,0
DA:101,0
DA:102,0
DA:103,3
DA:104,3
DA:105,9
DA:106,9
DA:107,9
DA:108,9
DA:109,9
DA:110,9
DA:111,9
DA:112,9
DA:113,9
DA:114,9
DA:115,9
DA:116,9
DA:117,9
DA:118,9
DA:119,9
DA:120,9
DA:121,9
DA:122,9
DA:123,9
DA:124,9
DA:125,9
DA:126,9
DA:127,9
DA:128,9
DA:129,9
DA:130,9
DA:131,9
DA:132,9
DA:133,9
DA:134,9
DA:135,9
DA:136,9
DA:137,9
DA:138,9
DA:139,9
DA:140,9
DA:141,9
DA:142,9
DA:143,9
DA:144,9
DA:145,9
DA:146,9
DA:147,9
DA:148,9
DA:149,9
DA:150,9
DA:151,9
DA:152,9
DA:153,9
DA:154,9
DA:155,9
DA:156,9
DA:157,9
DA:158,1
DA:159,1
DA:160,1
DA:161,4
DA:162,4
DA:163,4
DA:164,4
DA:165,4
DA:166,4
DA:167,4
DA:168,4
DA:169,4
DA:170,4
DA:171,4
DA:172,4
DA:173,4
DA:174,4
DA:175,4
DA:176,4
DA:177,4
DA:178,4
DA:179,3
DA:180,2
DA:181,1
DA:182,4
DA:183,4
DA:184,4
DA:185,1
DA:186,1
DA:187,1
DA:188,1
DA:189,1
DA:190,1
DA:191,1
DA:192,1
DA:193,1
DA:194,40
DA:195,40
DA:196,40
DA:197,40
DA:198,1
DA:199,1
DA:200,1
DA:201,1
DA:202,1
DA:203,1
DA:204,1
DA:205,2
DA:206,2
DA:207,4
DA:208,4
DA:209,1
DA:210,4
DA:211,1
DA:212,1
DA:213,2
DA:214,2
DA:215,2
DA:216,1
DA:217,1
DA:218,1
DA:219,0
DA:220,0
DA:221,0
DA:222,0
DA:223,0
DA:224,0
DA:225,0
DA:226,0
DA:227,0
DA:228,0
DA:229,0
DA:230,1
DA:231,1
DA:232,1
DA:233,1
DA:234,1
DA:235,1
DA:236,1
DA:237,1
DA:238,1
DA:239,1
DA:240,1
DA:241,3
DA:242,3
DA:243,3
DA:244,3
DA:245,3
DA:246,3
DA:247,3
DA:248,3
DA:249,3
DA:250,3
DA:251,3
DA:252,3
DA:253,3
DA:254,1
DA:255,3
DA:256,0
DA:257,0
DA:258,0
DA:259,0
DA:260,0
DA:261,2
DA:262,2
DA:263,2
DA:264,2
DA:265,2
DA:266,2
DA:267,2
DA:268,3
DA:269,0
DA:270,3
DA:271,3
DA:272,3
DA:273,0
DA:274,0
DA:275,1
DA:276,1
DA:277,3
DA:278,3
DA:279,3
DA:280,3
DA:281,23
DA:282,23
DA:283,23
DA:284,1
DA:285,1
DA:286,1
DA:287,1
DA:288,1
DA:289,1
DA:290,1
DA:291,0
DA:292,0
DA:293,1
DA:294,23
DA:295,3
DA:296,3
DA:297,1
DA:298,1
DA:299,1
DA:300,3
DA:301,0
DA:302,0
DA:303,0
DA:304,0
DA:305,0
DA:306,0
DA:307,0
DA:308,0
DA:309,0
DA:310,1
DA:311,1
DA:312,1
DA:313,1
DA:314,1
DA:315,1
DA:316,1
DA:317,1
DA:318,1
DA:319,1
DA:320,9
DA:321,9
DA:322,9
DA:323,9
DA:324,9
DA:325,9
DA:326,9
DA:327,9
DA:328,9
DA:329,9
DA:330,9
DA:331,9
DA:332,9
DA:333,9
DA:334,9
DA:335,9
DA:336,9
DA:337,9
DA:338,9
DA:339,0
DA:340,0
DA:341,0
DA:342,9
DA:343,9
DA:344,9
DA:345,9
DA:346,9
DA:347,9
DA:348,9
DA:349,9
DA:350,9
DA:351,9
DA:352,9
DA:353,9
DA:354,9
DA:355,9
DA:356,9
DA:357,9
DA:358,9
DA:359,9
DA:360,9
DA:361,9
DA:362,9
DA:363,9
DA:364,5
DA:365,5
DA:366,9
DA:367,9
DA:368,9
DA:369,9
DA:370,9
DA:371,9
DA:372,9
DA:373,9
DA:374,9
DA:375,9
DA:376,9
DA:377,9
DA:378,0
DA:379,0
DA:380,9
DA:381,0
DA:382,0
DA:383,9
DA:384,0
DA:385,0
DA:386,9
DA:387,9
DA:388,9
DA:389,9
DA:390,9
DA:391,9
DA:392,9
DA:393,9
DA:394,9
DA:395,9
DA:396,2
DA:397,2
DA:398,2
DA:399,2
DA:400,2
DA:401,2
DA:402,2
DA:403,2
DA:404,2
DA:405,2
DA:406,1
DA:407,1
DA:408,1
DA:409,1
DA:410,1
DA:411,2
DA:412,2
DA:413,1
DA:414,1
DA:415,1
DA:416,1
DA:417,1
DA:418,1
DA:419,1
DA:420,2
DA:421,2
DA:422,0
DA:423,0
DA:424,0
DA:425,0
DA:426,0
DA:427,0
DA:428,0
DA:429,2
DA:430,2
DA:431,9
DA:432,9
DA:433,9
DA:434,9
DA:435,9
DA:436,9
DA:437,9
DA:438,9
DA:439,9
DA:440,9
DA:441,5
DA:442,4
DA:443,4
DA:444,4
DA:445,0
DA:446,0
DA:447,0
DA:448,0
DA:449,0
DA:450,0
DA:451,5
DA:452,5
DA:453,4
DA:454,7
DA:455,7
DA:456,7
DA:457,0
DA:458,0
DA:459,0
DA:460,0
DA:461,0
DA:462,0
DA:463,4
DA:464,4
DA:465,9
DA:466,9
DA:467,9
DA:468,9
DA:469,9
DA:470,9
DA:471,1
DA:472,1
DA:473,1
DA:474,1
DA:475,1
DA:476,1
DA:477,1
DA:478,1
DA:479,1
DA:480,1
DA:481,1
DA:482,1
DA:483,1
DA:484,1
DA:485,1
DA:486,1
DA:487,1
DA:488,1
DA:489,1
DA:490,1
DA:491,1
DA:492,1
DA:493,1
DA:494,1
DA:495,1
DA:496,1
DA:497,1
DA:498,1
DA:499,1
DA:500,1
DA:501,1
DA:502,1
DA:503,1
DA:504,1
DA:505,1
DA:506,1
DA:507,1
DA:508,1
DA:509,1
DA:510,1
DA:511,1
DA:512,1
DA:513,1
DA:514,1
DA:515,1
DA:516,1
DA:517,1
DA:518,1
DA:519,1
DA:520,1
DA:521,1
DA:522,1
DA:523,1
DA:524,1
DA:525,1
DA:526,1
DA:527,1
DA:528,1
DA:529,1
DA:530,1
DA:531,1
DA:532,1
DA:533,1
DA:534,1
DA:535,1
DA:536,1
DA:537,1
DA:538,1
DA:539,1
DA:540,3
DA:541,3
DA:542,3
DA:543,3
DA:544,3
DA:545,3
DA:546,3
DA:547,3
DA:548,3
DA:549,3
DA:550,3
DA:551,3
DA:552,3
DA:553,3
DA:554,3
DA:555,3
DA:556,3
DA:557,3
DA:558,3
DA:559,3
DA:560,3
DA:561,3
DA:562,3
DA:563,3
DA:564,3
DA:565,3
DA:566,3
DA:567,3
DA:568,3
DA:569,1
DA:570,3
DA:571,3
DA:572,3
DA:573,3
DA:574,3
DA:575,3
DA:576,3
DA:577,3
DA:578,3
DA:579,3
DA:580,3
DA:581,3
DA:582,3
DA:583,3
DA:584,3
DA:585,3
DA:586,3
DA:587,1
DA:588,1
DA:589,1
DA:590,1
DA:591,1
DA:592,1
DA:593,1
DA:594,1
DA:595,1
DA:596,1
DA:597,1
DA:598,12
DA:599,12
DA:600,12
DA:601,12
DA:602,12
DA:603,12
DA:604,12
DA:605,12
DA:606,12
DA:607,12
DA:608,12
DA:609,0
DA:610,0
DA:611,12
DA:612,0
DA:613,0
DA:614,12
DA:615,12
DA:616,12
DA:617,12
DA:618,12
DA:619,12
DA:620,1
DA:621,1
DA:622,1
DA:623,1
DA:624,1
DA:625,1
DA:626,1
DA:627,1
DA:628,1
DA:629,1
DA:630,1
DA:631,1
DA:632,1
DA:633,1
DA:634,1
DA:635,1
DA:636,1
DA:637,1
DA:638,1
DA:639,1
DA:640,0
DA:641,0
DA:642,0
DA:643,0
DA:644,0
DA:645,0
DA:646,0
DA:647,1
DA:648,1
DA:649,1
DA:650,1
DA:651,1
DA:652,1
DA:653,1
DA:654,1
DA:655,1
DA:656,1
DA:657,1
DA:658,1
DA:659,1
DA:660,1
DA:661,1
DA:662,1
DA:663,1
DA:664,1
DA:665,1
DA:666,2
DA:667,2
DA:668,2
DA:669,0
DA:670,0
DA:671,0
DA:672,0
DA:673,0
DA:674,0
DA:675,2
DA:676,2
DA:677,2
DA:678,2
DA:679,2
DA:680,2
DA:681,2
DA:682,2
DA:683,2
DA:684,2
DA:685,2
DA:686,2
DA:687,2
DA:688,2
DA:689,2
DA:690,2
DA:691,2
DA:692,2
DA:693,2
DA:694,2
DA:695,2
DA:696,2
DA:697,2
DA:698,2
DA:699,1
DA:700,1
DA:701,1
DA:702,0
DA:703,0
DA:704,0
DA:705,0
DA:706,0
DA:707,0
DA:708,0
DA:709,1
DA:710,1
DA:711,1
DA:712,0
DA:713,0
DA:714,0
DA:715,0
DA:716,0
DA:717,0
DA:718,0
DA:719,0
DA:720,0
DA:721,0
DA:722,0
DA:723,0
DA:724,0
DA:725,0
DA:726,0
DA:727,0
DA:728,0
DA:729,0
DA:730,0
DA:731,0
DA:732,0
DA:733,0
DA:734,0
DA:735,0
DA:736,1
LF:736
LH:624
BRDA:27,0,0,9
BRDA:45,1,0,3
BRDA:45,2,0,6
BRDA:49,3,0,0
BRDA:53,4,0,1
BRDA:56,5,0,2
BRDA:61,6,0,6
BRDA:73,7,0,8
BRDA:75,8,0,3
BRDA:88,9,0,2
BRDA:89,10,0,1
BRDA:90,11,0,0
BRDA:100,12,0,0
BRDA:124,13,0,8
BRDA:124,14,0,1
BRDA:160,15,0,4
BRDA:179,16,0,3
BRDA:180,17,0,2
BRDA:181,18,0,1
BRDA:182,19,0,1
BRDA:162,20,0,7
BRDA:193,21,0,40
BRDA:195,22,0,75
BRDA:204,23,0,2
BRDA:206,24,0,4
BRDA:208,25,0,1
BRDA:210,26,0,1
BRDA:240,27,0,3
BRDA:242,28,0,2
BRDA:243,29,0,1
BRDA:253,30,0,1
BRDA:255,31,0,2
BRDA:255,32,0,0
BRDA:272,33,0,0
BRDA:276,34,0,3
BRDA:280,35,0,23
BRDA:283,36,0,1
BRDA:290,37,0,0
BRDA:299,38,0,3
BRDA:300,39,0,0
BRDA:319,40,0,9
BRDA:338,41,0,0
BRDA:357,42,0,4
BRDA:357,43,0,5
BRDA:363,44,0,5
BRDA:368,45,0,0
BRDA:372,46,0,5
BRDA:372,47,0,4
BRDA:373,48,0,5
BRDA:373,49,0,4
BRDA:377,50,0,0
BRDA:380,51,0,0
BRDA:383,52,0,0
BRDA:391,53,0,0
BRDA:392,54,0,4
BRDA:393,55,0,5
BRDA:394,56,0,4
BRDA:395,57,0,2
BRDA:436,58,0,2
BRDA:438,59,0,5
BRDA:440,60,0,5
BRDA:452,61,0,4
BRDA:321,62,0,17
BRDA:397,63,0,2
BRDA:421,64,0,0
BRDA:405,65,0,1
BRDA:412,66,0,1
BRDA:441,67,0,4
BRDA:444,68,0,0
BRDA:453,69,0,7
BRDA:456,70,0,0
BRDA:468,71,0,20
BRDA:478,72,0,1
BRDA:480,73,0,2
BRDA:539,74,0,3
BRDA:555,75,0,1
BRDA:555,76,0,2
BRDA:561,77,0,1
BRDA:561,78,0,2
BRDA:569,79,0,1
BRDA:570,80,0,2
BRDA:541,81,0,5
BRDA:574,82,0,3
BRDA:575,83,0,3
BRDA:597,84,0,12
BRDA:605,85,0,5
BRDA:605,86,0,7
BRDA:608,87,0,0
BRDA:608,88,0,0
BRDA:611,89,0,0
BRDA:629,90,0,1
BRDA:639,91,0,0
BRDA:665,92,0,2
BRDA:668,93,0,0
BRF:94
BRH:73
end_of_record
TN:
SF:..\code\backend\utils\chess\movesFunctions.js
FN:5,findBestMove
FN:11,stockfish.onmessage
FNF:2
FNH:2
FNDA:2,findBestMove
FNDA:74,stockfish.onmessage
DA:1,1
DA:2,1
DA:3,1
DA:4,1
DA:5,2
DA:6,2
DA:7,2
DA:8,2
DA:9,2
DA:10,2
DA:11,2
DA:12,74
DA:13,74
DA:14,74
DA:15,2
DA:16,2
DA:17,2
DA:18,2
DA:19,74
DA:20,2
DA:21,2
DA:22,2
DA:23,2
DA:24,2
DA:25,2
DA:26,0
DA:27,2
DA:28,2
DA:29,2
DA:30,2
DA:31,2
DA:32,2
DA:33,2
DA:34,1
DA:35,1
DA:36,2
DA:37,2
DA:38,2
DA:39,1
DA:40,1
LF:40
LH:39
BRDA:5,0,0,2
BRDA:6,1,0,2
BRDA:25,2,0,0
BRDA:11,3,0,74
BRDA:14,4,0,2
BRDA:32,5,0,2
BRDA:33,6,0,1
BRF:7
BRH:6
end_of_record
